#
# There is insufficient memory for the Java Runtime Environment to continue.
# Native memory allocation (mmap) failed to map 421527552 bytes for G1 virtual space
# Possible reasons:
#   The system is out of physical RAM or swap space
#   The process is running with CompressedOops enabled, and the Java Heap may be blocking the growth of the native heap
# Possible solutions:
#   Reduce memory load on the system
#   Increase physical memory or swap space
#   Check if swap backing store is full
#   Decrease Java heap size (-Xmx/-Xms)
#   Decrease number of Java threads
#   Decrease Java thread stack sizes (-Xss)
#   Set larger code cache with -XX:ReservedCodeCacheSize=
#   JVM is running with Zero Based Compressed Oops mode in which the Java heap is
#     placed in the first 32GB address space. The Java Heap base address is the
#     maximum limit for the native heap growth. Please use -XX:HeapBaseMinAddress
#     to set the Java Heap base and to place the Java Heap above 32GB virtual address.
# This output file may be truncated or incomplete.
#
#  Out of Memory Error (os_windows.cpp:3541), pid=38788, tid=44512
#
# JRE version: OpenJDK Runtime Environment Temurin-17.0.4.1+1 (17.0.4.1+1) (build 17.0.4.1+1)
# Java VM: OpenJDK 64-Bit Server VM Temurin-17.0.4.1+1 (17.0.4.1+1, mixed mode, emulated-client, tiered, compressed oops, compressed class ptrs, g1 gc, windows-amd64)
# No core dump will be written. Minidumps are not enabled by default on client versions of Windows
#

---------------  S U M M A R Y ------------

Command Line: -Dsts.lsp.client=vscode -Dsts.log.file=/dev/null -XX:TieredStopAtLevel=1 -Xlog:jni+resolve=off -Dspring.config.location=file:c:\Users\lezter.hernandez\.vscode\extensions\pivotal.vscode-spring-boot-1.40.0\language-server\BOOT-INF\classes\application.properties org.springframework.ide.vscode.boot.app.BootLanguageServerBootApp

Host: Intel(R) Core(TM) i5-10310U CPU @ 1.70GHz, 8 cores, 15G,  Windows 11 , 64 bit Build 22000 (10.0.22000.708)
Time: Mon Nov  7 14:38:16 2022 China Standard Time elapsed time: 23.481431 seconds (0d 0h 0m 23s)

---------------  T H R E A D  ---------------

Current thread (0x0000023096af8a00):  VMThread "VM Thread" [stack: 0x0000009e94800000,0x0000009e94900000] [id=44512]

Stack: [0x0000009e94800000,0x0000009e94900000]
Native frames: (J=compiled Java code, j=interpreted, Vv=VM code, C=native code)
V  [jvm.dll+0x67731a]
V  [jvm.dll+0x832284]
V  [jvm.dll+0x833a2e]
V  [jvm.dll+0x834093]
V  [jvm.dll+0x245775]
V  [jvm.dll+0x674209]
V  [jvm.dll+0x668a92]
V  [jvm.dll+0x30471b]
V  [jvm.dll+0x30bc66]
V  [jvm.dll+0x35ba9e]
V  [jvm.dll+0x35bccf]
V  [jvm.dll+0x2db5b8]
V  [jvm.dll+0x2d986c]
V  [jvm.dll+0x2d8e3c]
V  [jvm.dll+0x31cd9b]
V  [jvm.dll+0x83853b]
V  [jvm.dll+0x839274]
V  [jvm.dll+0x83978c]
V  [jvm.dll+0x839b64]
V  [jvm.dll+0x839c30]
V  [jvm.dll+0x7e240a]
V  [jvm.dll+0x6761a5]
C  [ucrtbase.dll+0x26c0c]
C  [KERNEL32.DLL+0x154e0]
C  [ntdll.dll+0x485b]

VM_Operation (0x0000009e96ffe7e0): G1CollectForAllocation, mode: safepoint, requested by thread 0x0000023098965ac0


---------------  P R O C E S S  ---------------

Threads class SMR info:
_java_thread_list=0x0000023098afa180, length=44, elements={
0x0000023096b14740, 0x0000023096b15000, 0x0000023096b4a000, 0x0000023096b4a8c0,
0x0000023096b4d190, 0x0000023096b4da50, 0x0000023096b264c0, 0x0000023096b4e700,
0x0000023096d62380, 0x0000023096d77010, 0x000002309895cab0, 0x0000023098505c30,
0x00000230989d4870, 0x0000023084bf84b0, 0x0000023098a4e1b0, 0x0000023098aa6170,
0x0000023098aa6640, 0x0000023098abb020, 0x0000023098abb4f0, 0x0000023098965f90,
0x00000230989672d0, 0x0000023098966460, 0x00000230989677a0, 0x0000023098963de0,
0x00000230989642b0, 0x0000023098964780, 0x0000023098964c50, 0x0000023098965120,
0x00000230989655f0, 0x0000023098965ac0, 0x0000023098c42590, 0x0000023098c3d890,
0x0000023098c41250, 0x0000023098c43400, 0x0000023098c41720, 0x0000023098c3f570,
0x0000023098c3fa40, 0x0000023098c3e230, 0x0000023098c41bf0, 0x0000023098c3e700,
0x0000023098c3ff10, 0x0000023098c403e0, 0x0000023098c42a60, 0x0000023096b273f0
}

Java Threads: ( => current thread )
  0x0000023096b14740 JavaThread "Reference Handler" daemon [_thread_blocked, id=50948, stack(0x0000009e94900000,0x0000009e94a00000)]
  0x0000023096b15000 JavaThread "Finalizer" daemon [_thread_blocked, id=47924, stack(0x0000009e94a00000,0x0000009e94b00000)]
  0x0000023096b4a000 JavaThread "Signal Dispatcher" daemon [_thread_blocked, id=33116, stack(0x0000009e94b00000,0x0000009e94c00000)]
  0x0000023096b4a8c0 JavaThread "Attach Listener" daemon [_thread_blocked, id=45548, stack(0x0000009e94c00000,0x0000009e94d00000)]
  0x0000023096b4d190 JavaThread "Service Thread" daemon [_thread_blocked, id=48460, stack(0x0000009e94d00000,0x0000009e94e00000)]
  0x0000023096b4da50 JavaThread "Monitor Deflation Thread" daemon [_thread_blocked, id=42288, stack(0x0000009e94e00000,0x0000009e94f00000)]
  0x0000023096b264c0 JavaThread "C1 CompilerThread0" daemon [_thread_blocked, id=51556, stack(0x0000009e94f00000,0x0000009e95000000)]
  0x0000023096b4e700 JavaThread "Sweeper thread" daemon [_thread_blocked, id=50404, stack(0x0000009e95000000,0x0000009e95100000)]
  0x0000023096d62380 JavaThread "Notification Thread" daemon [_thread_blocked, id=27512, stack(0x0000009e95200000,0x0000009e95300000)]
  0x0000023096d77010 JavaThread "Common-Cleaner" daemon [_thread_blocked, id=47332, stack(0x0000009e95400000,0x0000009e95500000)]
  0x000002309895cab0 JavaThread "boundedElastic-evictor-1" daemon [_thread_blocked, id=4260, stack(0x0000009e95600000,0x0000009e95700000)]
  0x0000023098505c30 JavaThread "pool-9-thread-1" [_thread_blocked, id=52052, stack(0x0000009e95500000,0x0000009e95600000)]
  0x00000230989d4870 JavaThread "LanguageServerApp-lifecycle" [_thread_blocked, id=52176, stack(0x0000009e95e00000,0x0000009e95f00000)]
  0x0000023084bf84b0 JavaThread "DestroyJavaVM" [_thread_blocked, id=8772, stack(0x0000009e94200000,0x0000009e94300000)]
  0x0000023098a4e1b0 JavaThread "pool-10-thread-1" [_thread_in_native, id=51208, stack(0x0000009e96000000,0x0000009e96100000)]
  0x0000023098aa6170 JavaThread "Simple-Language-Server main thread" daemon [_thread_blocked, id=51240, stack(0x0000009e96100000,0x0000009e96200000)]
  0x0000023098aa6640 JavaThread "ForkJoinPool.commonPool-worker-1" daemon [_thread_blocked, id=47884, stack(0x0000009e96200000,0x0000009e96300000)]
  0x0000023098abb020 JavaThread "pool-7-thread-1" [_thread_blocked, id=51292, stack(0x0000009e96300000,0x0000009e96400000)]
  0x0000023098abb4f0 JavaThread "parallel-1" daemon [_thread_blocked, id=51284, stack(0x0000009e96400000,0x0000009e96500000)]
  0x0000023098965f90 JavaThread "Reconciler-1" daemon [_thread_blocked, id=51332, stack(0x0000009e96500000,0x0000009e96600000)]
  0x00000230989672d0 JavaThread "parallel-2" daemon [_thread_blocked, id=10996, stack(0x0000009e96600000,0x0000009e96700000)]
  0x0000023098966460 JavaThread "ClassGraph-worker-0" daemon [_thread_blocked, id=36208, stack(0x0000009e96700000,0x0000009e96800000)]
  0x00000230989677a0 JavaThread "ClassGraph-worker-1" daemon [_thread_blocked, id=50520, stack(0x0000009e96800000,0x0000009e96900000)]
  0x0000023098963de0 JavaThread "ClassGraph-worker-2" daemon [_thread_blocked, id=51344, stack(0x0000009e96900000,0x0000009e96a00000)]
  0x00000230989642b0 JavaThread "ClassGraph-worker-3" daemon [_thread_blocked, id=40700, stack(0x0000009e96a00000,0x0000009e96b00000)]
  0x0000023098964780 JavaThread "ClassGraph-worker-4" daemon [_thread_blocked, id=51684, stack(0x0000009e96b00000,0x0000009e96c00000)]
  0x0000023098964c50 JavaThread "ClassGraph-worker-5" daemon [_thread_blocked, id=51680, stack(0x0000009e96c00000,0x0000009e96d00000)]
  0x0000023098965120 JavaThread "ClassGraph-worker-6" daemon [_thread_blocked, id=51364, stack(0x0000009e96d00000,0x0000009e96e00000)]
  0x00000230989655f0 JavaThread "ClassGraph-worker-7" daemon [_thread_blocked, id=51368, stack(0x0000009e96e00000,0x0000009e96f00000)]
  0x0000023098965ac0 JavaThread "ClassGraph-worker-8" daemon [_thread_blocked, id=51392, stack(0x0000009e96f00000,0x0000009e97000000)]
  0x0000023098c42590 JavaThread "ClassGraph-worker-9" daemon [_thread_blocked, id=50020, stack(0x0000009e97000000,0x0000009e97100000)]
  0x0000023098c3d890 JavaThread "ClassGraph-worker-10" daemon [_thread_blocked, id=46800, stack(0x0000009e97100000,0x0000009e97200000)]
  0x0000023098c41250 JavaThread "ClassGraph-worker-11" daemon [_thread_blocked, id=8076, stack(0x0000009e97200000,0x0000009e97300000)]
  0x0000023098c43400 JavaThread "ClassGraph-worker-12" daemon [_thread_blocked, id=51384, stack(0x0000009e97300000,0x0000009e97400000)]
  0x0000023098c41720 JavaThread "ClassGraph-worker-13" daemon [_thread_blocked, id=51388, stack(0x0000009e97400000,0x0000009e97500000)]
  0x0000023098c3f570 JavaThread "pool-5-thread-1" [_thread_blocked, id=48004, stack(0x0000009e97700000,0x0000009e97800000)]
  0x0000023098c3fa40 JavaThread "parallel-3" daemon [_thread_blocked, id=49904, stack(0x0000009e97800000,0x0000009e97900000)]
  0x0000023098c3e230 JavaThread "parallel-4" daemon [_thread_blocked, id=51548, stack(0x0000009e97900000,0x0000009e97a00000)]
  0x0000023098c41bf0 JavaThread "Project-Reconciler-1" daemon [_thread_blocked, id=20376, stack(0x0000009e97a00000,0x0000009e97b00000)]
  0x0000023098c3e700 JavaThread "parallel-5" daemon [_thread_blocked, id=50372, stack(0x0000009e97b00000,0x0000009e97c00000)]
  0x0000023098c3ff10 JavaThread "ForkJoinPool.commonPool-worker-2" daemon [_thread_blocked, id=7656, stack(0x0000009e97c00000,0x0000009e97d00000)]
  0x0000023098c403e0 JavaThread "parallel-6" daemon [_thread_blocked, id=1280, stack(0x0000009e97d00000,0x0000009e97e00000)]
  0x0000023098c42a60 JavaThread "parallel-7" daemon [_thread_blocked, id=51480, stack(0x0000009e97e00000,0x0000009e97f00000)]
  0x0000023096b273f0 JavaThread "C1 CompilerThread1" daemon [_thread_blocked, id=19796, stack(0x0000009e97500000,0x0000009e97600000)]

Other Threads:
=>0x0000023096af8a00 VMThread "VM Thread" [stack: 0x0000009e94800000,0x0000009e94900000] [id=44512]
  0x0000023081f786b0 WatcherThread [stack: 0x0000009e95300000,0x0000009e95400000] [id=27508]
  0x0000023084c64660 GCTaskThread "GC Thread#0" [stack: 0x0000009e94300000,0x0000009e94400000] [id=47156]
  0x0000023097fe9b70 GCTaskThread "GC Thread#1" [stack: 0x0000009e95700000,0x0000009e95800000] [id=45096]
  0x0000023097fe9e20 GCTaskThread "GC Thread#2" [stack: 0x0000009e95800000,0x0000009e95900000] [id=36884]
  0x0000023097fea0d0 GCTaskThread "GC Thread#3" [stack: 0x0000009e95900000,0x0000009e95a00000] [id=51592]
  0x0000023097fea380 GCTaskThread "GC Thread#4" [stack: 0x0000009e95a00000,0x0000009e95b00000] [id=51596]
  0x0000023097fea630 GCTaskThread "GC Thread#5" [stack: 0x0000009e95b00000,0x0000009e95c00000] [id=26788]
  0x0000023097d27880 GCTaskThread "GC Thread#6" [stack: 0x0000009e95c00000,0x0000009e95d00000] [id=27472]
  0x0000023097d27b30 GCTaskThread "GC Thread#7" [stack: 0x0000009e95d00000,0x0000009e95e00000] [id=35296]
  0x0000023093fe7ec0 ConcurrentGCThread "G1 Main Marker" [stack: 0x0000009e94400000,0x0000009e94500000] [id=46276]
  0x0000023093fe86e0 ConcurrentGCThread "G1 Conc#0" [stack: 0x0000009e94500000,0x0000009e94600000] [id=22580]
  0x00000230984dd1d0 ConcurrentGCThread "G1 Conc#1" [stack: 0x0000009e95f00000,0x0000009e96000000] [id=16068]
  0x00000230940dd770 ConcurrentGCThread "G1 Refine#0" [stack: 0x0000009e94600000,0x0000009e94700000] [id=31120]
  0x000002309b4e3830 ConcurrentGCThread "G1 Refine#1" [stack: 0x0000009e97f00000,0x0000009e98000000] [id=26452]
  0x000002309b5b9800 ConcurrentGCThread "G1 Refine#2" [stack: 0x0000009e95100000,0x0000009e95200000] [id=51376]
  0x00000230940dfe60 ConcurrentGCThread "G1 Service" [stack: 0x0000009e94700000,0x0000009e94800000] [id=43184]

Threads with active compile tasks:

VM state: at safepoint (normal execution)

VM Mutex/Monitor currently owned by a thread:  ([mutex/lock_event])
[0x0000023081f81770] Threads_lock - owner thread: 0x0000023096af8a00
[0x0000023084bf72d0] Heap_lock - owner thread: 0x0000023098965ac0

Heap address: 0x0000000703a00000, size: 4038 MB, Compressed Oops mode: Zero based, Oop shift amount: 3

CDS archive(s) not mapped
Compressed class space mapped at: 0x0000000800000000-0x0000000840000000, reserved size: 1073741824
Narrow klass base: 0x0000000800000000, Narrow klass shift: 0, Narrow klass range: 0x40000000

GC Precious Log:
 CPUs: 8 total, 8 available
 Memory: 16144M
 Large Page Support: Disabled
 NUMA Support: Disabled
 Compressed Oops: Enabled (Zero based)
 Heap Region Size: 2M
 Heap Min Capacity: 8M
 Heap Initial Capacity: 254M
 Heap Max Capacity: 4038M
 Pre-touch: Disabled
 Parallel Workers: 8
 Concurrent Workers: 2
 Concurrent Refinement Workers: 8
 Periodic GC: Disabled

Heap:
 garbage-first heap   total 516096K, used 148633K [0x0000000703a00000, 0x0000000800000000)
  region size 2048K, 17 young (34816K), 17 survivors (34816K)
 Metaspace       used 43919K, committed 44352K, reserved 1089536K
  class space    used 5436K, committed 5632K, reserved 1048576K

Heap Regions: E=young(eden), S=young(survivor), O=old, HS=humongous(starts), HC=humongous(continues), CS=collection set, F=free, OA=open archive, CA=closed archive, TAMS=top-at-mark-start (previous, next)
|   0|0x0000000703a00000, 0x0000000703c00000, 0x0000000703c00000|100%| O|  |TAMS 0x0000000703c00000, 0x0000000703a00000| Untracked 
|   1|0x0000000703c00000, 0x0000000703e00000, 0x0000000703e00000|100%| O|  |TAMS 0x0000000703e00000, 0x0000000703c00000| Untracked 
|   2|0x0000000703e00000, 0x0000000704000000, 0x0000000704000000|100%| O|  |TAMS 0x0000000704000000, 0x0000000703e00000| Untracked 
|   3|0x0000000704000000, 0x0000000704200000, 0x0000000704200000|100%| O|  |TAMS 0x0000000704000000, 0x0000000704000000| Untracked 
|   4|0x0000000704200000, 0x0000000704400000, 0x0000000704400000|100%| O|  |TAMS 0x0000000704400000, 0x0000000704200000| Untracked 
|   5|0x0000000704400000, 0x0000000704600000, 0x0000000704600000|100%| O|  |TAMS 0x0000000704600000, 0x0000000704400000| Untracked 
|   6|0x0000000704600000, 0x0000000704800000, 0x0000000704800000|100%| O|  |TAMS 0x0000000704800000, 0x0000000704600000| Untracked 
|   7|0x0000000704800000, 0x0000000704a00000, 0x0000000704a00000|100%| O|  |TAMS 0x00000007048a6200, 0x0000000704800000| Untracked 
|   8|0x0000000704a00000, 0x0000000704c00000, 0x0000000704c00000|100%| O|  |TAMS 0x0000000704a00000, 0x0000000704a00000| Untracked 
|   9|0x0000000704c00000, 0x0000000704e00000, 0x0000000704e00000|100%| O|  |TAMS 0x0000000704c00000, 0x0000000704c00000| Untracked 
|  10|0x0000000704e00000, 0x0000000705000000, 0x0000000705000000|100%| O|  |TAMS 0x0000000704e00000, 0x0000000704e00000| Untracked 
|  11|0x0000000705000000, 0x0000000705200000, 0x0000000705200000|100%| O|  |TAMS 0x0000000705000000, 0x0000000705000000| Untracked 
|  12|0x0000000705200000, 0x0000000705400000, 0x0000000705400000|100%| O|  |TAMS 0x0000000705200000, 0x0000000705200000| Untracked 
|  13|0x0000000705400000, 0x0000000705600000, 0x0000000705600000|100%| O|  |TAMS 0x0000000705400000, 0x0000000705400000| Untracked 
|  14|0x0000000705600000, 0x0000000705800000, 0x0000000705800000|100%| O|  |TAMS 0x0000000705600000, 0x0000000705600000| Untracked 
|  15|0x0000000705800000, 0x0000000705a00000, 0x0000000705a00000|100%| O|  |TAMS 0x0000000705800000, 0x0000000705800000| Untracked 
|  16|0x0000000705a00000, 0x0000000705c00000, 0x0000000705c00000|100%| O|  |TAMS 0x0000000705a00000, 0x0000000705a00000| Untracked 
|  17|0x0000000705c00000, 0x0000000705e00000, 0x0000000705e00000|100%| O|  |TAMS 0x0000000705c00000, 0x0000000705c00000| Untracked 
|  18|0x0000000705e00000, 0x0000000706000000, 0x0000000706000000|100%| O|  |TAMS 0x0000000705e00000, 0x0000000705e00000| Untracked 
|  19|0x0000000706000000, 0x0000000706200000, 0x0000000706200000|100%| O|  |TAMS 0x0000000706000000, 0x0000000706000000| Untracked 
|  20|0x0000000706200000, 0x0000000706400000, 0x0000000706400000|100%| O|  |TAMS 0x0000000706200000, 0x0000000706200000| Untracked 
|  21|0x0000000706400000, 0x0000000706600000, 0x0000000706600000|100%| O|  |TAMS 0x0000000706400000, 0x0000000706400000| Untracked 
|  22|0x0000000706600000, 0x0000000706800000, 0x0000000706800000|100%| O|  |TAMS 0x0000000706600000, 0x0000000706600000| Untracked 
|  23|0x0000000706800000, 0x0000000706a00000, 0x0000000706a00000|100%| O|  |TAMS 0x0000000706800000, 0x0000000706800000| Untracked 
|  24|0x0000000706a00000, 0x0000000706c00000, 0x0000000706c00000|100%| O|  |TAMS 0x0000000706a00000, 0x0000000706a00000| Untracked 
|  25|0x0000000706c00000, 0x0000000706e00000, 0x0000000706e00000|100%| O|  |TAMS 0x0000000706c00000, 0x0000000706c00000| Untracked 
|  26|0x0000000706e00000, 0x0000000707000000, 0x0000000707000000|100%| O|  |TAMS 0x0000000706e00000, 0x0000000706e00000| Untracked 
|  27|0x0000000707000000, 0x0000000707200000, 0x0000000707200000|100%| O|  |TAMS 0x0000000707000000, 0x0000000707000000| Untracked 
|  28|0x0000000707200000, 0x0000000707400000, 0x0000000707400000|100%| O|  |TAMS 0x0000000707200000, 0x0000000707200000| Untracked 
|  29|0x0000000707400000, 0x0000000707600000, 0x0000000707600000|100%| O|  |TAMS 0x0000000707400000, 0x0000000707400000| Untracked 
|  30|0x0000000707600000, 0x0000000707800000, 0x0000000707800000|100%| O|  |TAMS 0x0000000707600000, 0x0000000707600000| Untracked 
|  31|0x0000000707800000, 0x0000000707a00000, 0x0000000707a00000|100%| O|  |TAMS 0x0000000707800000, 0x0000000707800000| Untracked 
|  32|0x0000000707a00000, 0x0000000707c00000, 0x0000000707c00000|100%| O|  |TAMS 0x0000000707a00000, 0x0000000707a00000| Untracked 
|  33|0x0000000707c00000, 0x0000000707e00000, 0x0000000707e00000|100%| O|  |TAMS 0x0000000707c00000, 0x0000000707c00000| Untracked 
|  34|0x0000000707e00000, 0x0000000708000000, 0x0000000708000000|100%| O|  |TAMS 0x0000000707e00000, 0x0000000707e00000| Untracked 
|  35|0x0000000708000000, 0x0000000708200000, 0x0000000708200000|100%| O|  |TAMS 0x0000000708000000, 0x0000000708000000| Untracked 
|  36|0x0000000708200000, 0x0000000708400000, 0x0000000708400000|100%| O|  |TAMS 0x0000000708200000, 0x0000000708200000| Untracked 
|  37|0x0000000708400000, 0x0000000708600000, 0x0000000708600000|100%| O|  |TAMS 0x0000000708400000, 0x0000000708400000| Untracked 
|  38|0x0000000708600000, 0x0000000708800000, 0x0000000708800000|100%| O|  |TAMS 0x0000000708600000, 0x0000000708600000| Untracked 
|  39|0x0000000708800000, 0x0000000708a00000, 0x0000000708a00000|100%| O|  |TAMS 0x0000000708800000, 0x0000000708800000| Untracked 
|  40|0x0000000708a00000, 0x0000000708c00000, 0x0000000708c00000|100%| O|  |TAMS 0x0000000708a00000, 0x0000000708a00000| Untracked 
|  41|0x0000000708c00000, 0x0000000708e00000, 0x0000000708e00000|100%| O|  |TAMS 0x0000000708c00000, 0x0000000708c00000| Untracked 
|  42|0x0000000708e00000, 0x0000000709000000, 0x0000000709000000|100%| O|  |TAMS 0x0000000708e00000, 0x0000000708e00000| Untracked 
|  43|0x0000000709000000, 0x0000000709200000, 0x0000000709200000|100%| O|  |TAMS 0x0000000709000000, 0x0000000709000000| Untracked 
|  44|0x0000000709200000, 0x0000000709400000, 0x0000000709400000|100%| O|  |TAMS 0x0000000709200000, 0x0000000709200000| Untracked 
|  45|0x0000000709400000, 0x0000000709600000, 0x0000000709600000|100%| O|  |TAMS 0x0000000709400000, 0x0000000709400000| Untracked 
|  46|0x0000000709600000, 0x0000000709800000, 0x0000000709800000|100%| O|  |TAMS 0x0000000709600000, 0x0000000709600000| Untracked 
|  47|0x0000000709800000, 0x0000000709a00000, 0x0000000709a00000|100%| O|  |TAMS 0x0000000709800000, 0x0000000709800000| Untracked 
|  48|0x0000000709a00000, 0x0000000709c00000, 0x0000000709c00000|100%| O|  |TAMS 0x0000000709a00000, 0x0000000709a00000| Untracked 
|  49|0x0000000709c00000, 0x0000000709e00000, 0x0000000709e00000|100%| O|  |TAMS 0x0000000709c00000, 0x0000000709c00000| Untracked 
|  50|0x0000000709e00000, 0x000000070a000000, 0x000000070a000000|100%| O|  |TAMS 0x0000000709e00000, 0x0000000709e00000| Untracked 
|  51|0x000000070a000000, 0x000000070a200000, 0x000000070a200000|100%| O|  |TAMS 0x000000070a000000, 0x000000070a000000| Untracked 
|  52|0x000000070a200000, 0x000000070a400000, 0x000000070a400000|100%| O|  |TAMS 0x000000070a200000, 0x000000070a200000| Untracked 
|  53|0x000000070a400000, 0x000000070a600000, 0x000000070a600000|100%| O|  |TAMS 0x000000070a400000, 0x000000070a400000| Untracked 
|  54|0x000000070a600000, 0x000000070a800000, 0x000000070a800000|100%| O|  |TAMS 0x000000070a600000, 0x000000070a600000| Untracked 
|  55|0x000000070a800000, 0x000000070a940c00, 0x000000070aa00000| 62%| O|  |TAMS 0x000000070a800000, 0x000000070a800000| Untracked 
|  56|0x000000070aa00000, 0x000000070aa00000, 0x000000070ac00000|  0%| F|  |TAMS 0x000000070aa00000, 0x000000070aa00000| Untracked 
|  57|0x000000070ac00000, 0x000000070ac00000, 0x000000070ae00000|  0%| F|  |TAMS 0x000000070ac00000, 0x000000070ac00000| Untracked 
|  58|0x000000070ae00000, 0x000000070ae00000, 0x000000070b000000|  0%| F|  |TAMS 0x000000070ae00000, 0x000000070ae00000| Untracked 
|  59|0x000000070b000000, 0x000000070b000000, 0x000000070b200000|  0%| F|  |TAMS 0x000000070b000000, 0x000000070b000000| Untracked 
|  60|0x000000070b200000, 0x000000070b200000, 0x000000070b400000|  0%| F|  |TAMS 0x000000070b200000, 0x000000070b200000| Untracked 
|  61|0x000000070b400000, 0x000000070b400000, 0x000000070b600000|  0%| F|  |TAMS 0x000000070b400000, 0x000000070b400000| Untracked 
|  62|0x000000070b600000, 0x000000070b600000, 0x000000070b800000|  0%| F|  |TAMS 0x000000070b600000, 0x000000070b600000| Untracked 
|  63|0x000000070b800000, 0x000000070b800000, 0x000000070ba00000|  0%| F|  |TAMS 0x000000070b800000, 0x000000070b800000| Untracked 
|  64|0x000000070ba00000, 0x000000070ba00000, 0x000000070bc00000|  0%| F|  |TAMS 0x000000070ba00000, 0x000000070ba00000| Untracked 
|  65|0x000000070bc00000, 0x000000070bc00000, 0x000000070be00000|  0%| F|  |TAMS 0x000000070bc00000, 0x000000070bc00000| Untracked 
|  66|0x000000070be00000, 0x000000070be00000, 0x000000070c000000|  0%| F|  |TAMS 0x000000070be00000, 0x000000070be00000| Untracked 
|  67|0x000000070c000000, 0x000000070c000000, 0x000000070c200000|  0%| F|  |TAMS 0x000000070c000000, 0x000000070c000000| Untracked 
|  68|0x000000070c200000, 0x000000070c200000, 0x000000070c400000|  0%| F|  |TAMS 0x000000070c200000, 0x000000070c200000| Untracked 
|  69|0x000000070c400000, 0x000000070c400000, 0x000000070c600000|  0%| F|  |TAMS 0x000000070c400000, 0x000000070c400000| Untracked 
|  70|0x000000070c600000, 0x000000070c600000, 0x000000070c800000|  0%| F|  |TAMS 0x000000070c600000, 0x000000070c600000| Untracked 
|  71|0x000000070c800000, 0x000000070c800000, 0x000000070ca00000|  0%| F|  |TAMS 0x000000070c800000, 0x000000070c800000| Untracked 
|  72|0x000000070ca00000, 0x000000070ca00000, 0x000000070cc00000|  0%| F|  |TAMS 0x000000070ca00000, 0x000000070ca00000| Untracked 
|  73|0x000000070cc00000, 0x000000070cc00000, 0x000000070ce00000|  0%| F|  |TAMS 0x000000070cc00000, 0x000000070cc00000| Untracked 
|  74|0x000000070ce00000, 0x000000070ce00000, 0x000000070d000000|  0%| F|  |TAMS 0x000000070ce00000, 0x000000070ce00000| Untracked 
|  75|0x000000070d000000, 0x000000070d000000, 0x000000070d200000|  0%| F|  |TAMS 0x000000070d000000, 0x000000070d000000| Untracked 
|  76|0x000000070d200000, 0x000000070d200000, 0x000000070d400000|  0%| F|  |TAMS 0x000000070d200000, 0x000000070d200000| Untracked 
|  77|0x000000070d400000, 0x000000070d400000, 0x000000070d600000|  0%| F|  |TAMS 0x000000070d400000, 0x000000070d400000| Untracked 
|  78|0x000000070d600000, 0x000000070d600000, 0x000000070d800000|  0%| F|  |TAMS 0x000000070d600000, 0x000000070d600000| Untracked 
|  79|0x000000070d800000, 0x000000070d800000, 0x000000070da00000|  0%| F|  |TAMS 0x000000070d800000, 0x000000070d800000| Untracked 
|  80|0x000000070da00000, 0x000000070da00000, 0x000000070dc00000|  0%| F|  |TAMS 0x000000070da00000, 0x000000070da00000| Untracked 
|  81|0x000000070dc00000, 0x000000070dc00000, 0x000000070de00000|  0%| F|  |TAMS 0x000000070dc00000, 0x000000070dc00000| Untracked 
|  82|0x000000070de00000, 0x000000070de00000, 0x000000070e000000|  0%| F|  |TAMS 0x000000070de00000, 0x000000070de00000| Untracked 
|  83|0x000000070e000000, 0x000000070e000000, 0x000000070e200000|  0%| F|  |TAMS 0x000000070e000000, 0x000000070e000000| Untracked 
|  84|0x000000070e200000, 0x000000070e3e5b38, 0x000000070e400000| 94%| S|CS|TAMS 0x000000070e200000, 0x000000070e200000| Complete 
|  85|0x000000070e400000, 0x000000070e600000, 0x000000070e600000|100%| S|CS|TAMS 0x000000070e400000, 0x000000070e400000| Complete 
|  86|0x000000070e600000, 0x000000070e800000, 0x000000070e800000|100%| S|CS|TAMS 0x000000070e600000, 0x000000070e600000| Complete 
|  87|0x000000070e800000, 0x000000070ea00000, 0x000000070ea00000|100%| S|CS|TAMS 0x000000070e800000, 0x000000070e800000| Complete 
|  88|0x000000070ea00000, 0x000000070ec00000, 0x000000070ec00000|100%| S|CS|TAMS 0x000000070ea00000, 0x000000070ea00000| Complete 
|  89|0x000000070ec00000, 0x000000070ee00000, 0x000000070ee00000|100%| S|CS|TAMS 0x000000070ec00000, 0x000000070ec00000| Complete 
|  90|0x000000070ee00000, 0x000000070f000000, 0x000000070f000000|100%| S|CS|TAMS 0x000000070ee00000, 0x000000070ee00000| Complete 
|  91|0x000000070f000000, 0x000000070f200000, 0x000000070f200000|100%| S|CS|TAMS 0x000000070f000000, 0x000000070f000000| Complete 
|  92|0x000000070f200000, 0x000000070f400000, 0x000000070f400000|100%| S|CS|TAMS 0x000000070f200000, 0x000000070f200000| Complete 
|  93|0x000000070f400000, 0x000000070f600000, 0x000000070f600000|100%| S|CS|TAMS 0x000000070f400000, 0x000000070f400000| Complete 
|  94|0x000000070f600000, 0x000000070f800000, 0x000000070f800000|100%| S|CS|TAMS 0x000000070f600000, 0x000000070f600000| Complete 
|  95|0x000000070f800000, 0x000000070f800000, 0x000000070fa00000|  0%| F|  |TAMS 0x000000070f800000, 0x000000070f800000| Untracked 
|  96|0x000000070fa00000, 0x000000070fa00000, 0x000000070fc00000|  0%| F|  |TAMS 0x000000070fa00000, 0x000000070fa00000| Untracked 
|  97|0x000000070fc00000, 0x000000070fc00000, 0x000000070fe00000|  0%| F|  |TAMS 0x000000070fc00000, 0x000000070fc00000| Untracked 
|  98|0x000000070fe00000, 0x000000070fe00000, 0x0000000710000000|  0%| F|  |TAMS 0x000000070fe00000, 0x000000070fe00000| Untracked 
|  99|0x0000000710000000, 0x0000000710000000, 0x0000000710200000|  0%| F|  |TAMS 0x0000000710000000, 0x0000000710000000| Untracked 
| 100|0x0000000710200000, 0x0000000710200000, 0x0000000710400000|  0%| F|  |TAMS 0x0000000710200000, 0x0000000710200000| Untracked 
| 101|0x0000000710400000, 0x0000000710400000, 0x0000000710600000|  0%| F|  |TAMS 0x0000000710400000, 0x0000000710400000| Untracked 
| 102|0x0000000710600000, 0x0000000710600000, 0x0000000710800000|  0%| F|  |TAMS 0x0000000710600000, 0x0000000710600000| Untracked 
| 103|0x0000000710800000, 0x0000000710800000, 0x0000000710a00000|  0%| F|  |TAMS 0x0000000710800000, 0x0000000710800000| Untracked 
| 104|0x0000000710a00000, 0x0000000710a00000, 0x0000000710c00000|  0%| F|  |TAMS 0x0000000710a00000, 0x0000000710a00000| Untracked 
| 105|0x0000000710c00000, 0x0000000710c00000, 0x0000000710e00000|  0%| F|  |TAMS 0x0000000710c00000, 0x0000000710c00000| Untracked 
| 106|0x0000000710e00000, 0x0000000711000000, 0x0000000711000000|100%| S|CS|TAMS 0x0000000710e00000, 0x0000000710e00000| Complete 
| 107|0x0000000711000000, 0x0000000711200000, 0x0000000711200000|100%| S|CS|TAMS 0x0000000711000000, 0x0000000711000000| Complete 
| 108|0x0000000711200000, 0x0000000711400000, 0x0000000711400000|100%| S|CS|TAMS 0x0000000711200000, 0x0000000711200000| Complete 
| 109|0x0000000711400000, 0x0000000711600000, 0x0000000711600000|100%| S|CS|TAMS 0x0000000711400000, 0x0000000711400000| Complete 
| 110|0x0000000711600000, 0x0000000711800000, 0x0000000711800000|100%| S|CS|TAMS 0x0000000711600000, 0x0000000711600000| Complete 
| 111|0x0000000711800000, 0x0000000711a00000, 0x0000000711a00000|100%| S|CS|TAMS 0x0000000711800000, 0x0000000711800000| Complete 
| 112|0x0000000711a00000, 0x0000000711a00000, 0x0000000711c00000|  0%| F|  |TAMS 0x0000000711a00000, 0x0000000711a00000| Untracked 
| 113|0x0000000711c00000, 0x0000000711c00000, 0x0000000711e00000|  0%| F|  |TAMS 0x0000000711c00000, 0x0000000711c00000| Untracked 
| 114|0x0000000711e00000, 0x0000000711e00000, 0x0000000712000000|  0%| F|  |TAMS 0x0000000711e00000, 0x0000000711e00000| Untracked 
| 115|0x0000000712000000, 0x0000000712000000, 0x0000000712200000|  0%| F|  |TAMS 0x0000000712000000, 0x0000000712000000| Untracked 
| 116|0x0000000712200000, 0x0000000712200000, 0x0000000712400000|  0%| F|  |TAMS 0x0000000712200000, 0x0000000712200000| Untracked 
| 117|0x0000000712400000, 0x0000000712400000, 0x0000000712600000|  0%| F|  |TAMS 0x0000000712400000, 0x0000000712400000| Untracked 
| 118|0x0000000712600000, 0x0000000712600000, 0x0000000712800000|  0%| F|  |TAMS 0x0000000712600000, 0x0000000712600000| Untracked 
| 119|0x0000000712800000, 0x0000000712800000, 0x0000000712a00000|  0%| F|  |TAMS 0x0000000712800000, 0x0000000712800000| Untracked 
| 120|0x0000000712a00000, 0x0000000712a00000, 0x0000000712c00000|  0%| F|  |TAMS 0x0000000712a00000, 0x0000000712a00000| Untracked 
| 121|0x0000000712c00000, 0x0000000712c00000, 0x0000000712e00000|  0%| F|  |TAMS 0x0000000712c00000, 0x0000000712c00000| Untracked 
| 122|0x0000000712e00000, 0x0000000712e00000, 0x0000000713000000|  0%| F|  |TAMS 0x0000000712e00000, 0x0000000712e00000| Untracked 
| 123|0x0000000713000000, 0x0000000713000000, 0x0000000713200000|  0%| F|  |TAMS 0x0000000713000000, 0x0000000713000000| Untracked 
| 124|0x0000000713200000, 0x0000000713200000, 0x0000000713400000|  0%| F|  |TAMS 0x0000000713200000, 0x0000000713200000| Untracked 
| 125|0x0000000713400000, 0x0000000713400000, 0x0000000713600000|  0%| F|  |TAMS 0x0000000713400000, 0x0000000713400000| Untracked 
| 126|0x0000000713600000, 0x0000000713600000, 0x0000000713800000|  0%| F|  |TAMS 0x0000000713600000, 0x0000000713600000| Untracked 
| 127|0x0000000713800000, 0x0000000713800000, 0x0000000713a00000|  0%| F|  |TAMS 0x0000000713800000, 0x0000000713800000| Untracked 
| 128|0x0000000713a00000, 0x0000000713a00000, 0x0000000713c00000|  0%| F|  |TAMS 0x0000000713a00000, 0x0000000713a00000| Untracked 
| 129|0x0000000713c00000, 0x0000000713c00000, 0x0000000713e00000|  0%| F|  |TAMS 0x0000000713c00000, 0x0000000713c00000| Untracked 
| 130|0x0000000713e00000, 0x0000000713e00000, 0x0000000714000000|  0%| F|  |TAMS 0x0000000713e00000, 0x0000000713e00000| Untracked 
| 131|0x0000000714000000, 0x0000000714000000, 0x0000000714200000|  0%| F|  |TAMS 0x0000000714000000, 0x0000000714000000| Untracked 
| 132|0x0000000714200000, 0x0000000714200000, 0x0000000714400000|  0%| F|  |TAMS 0x0000000714200000, 0x0000000714200000| Untracked 
| 133|0x0000000714400000, 0x0000000714400000, 0x0000000714600000|  0%| F|  |TAMS 0x0000000714400000, 0x0000000714400000| Untracked 
| 134|0x0000000714600000, 0x0000000714600000, 0x0000000714800000|  0%| F|  |TAMS 0x0000000714600000, 0x0000000714600000| Untracked 
| 135|0x0000000714800000, 0x0000000714800000, 0x0000000714a00000|  0%| F|  |TAMS 0x0000000714800000, 0x0000000714800000| Untracked 
| 136|0x0000000714a00000, 0x0000000714a00000, 0x0000000714c00000|  0%| F|  |TAMS 0x0000000714a00000, 0x0000000714a00000| Untracked 
| 137|0x0000000714c00000, 0x0000000714c00000, 0x0000000714e00000|  0%| F|  |TAMS 0x0000000714c00000, 0x0000000714c00000| Untracked 
| 138|0x0000000714e00000, 0x0000000714e00000, 0x0000000715000000|  0%| F|  |TAMS 0x0000000714e00000, 0x0000000714e00000| Untracked 
| 139|0x0000000715000000, 0x0000000715000000, 0x0000000715200000|  0%| F|  |TAMS 0x0000000715000000, 0x0000000715000000| Untracked 
| 140|0x0000000715200000, 0x0000000715200000, 0x0000000715400000|  0%| F|  |TAMS 0x0000000715200000, 0x0000000715200000| Untracked 
| 141|0x0000000715400000, 0x0000000715400000, 0x0000000715600000|  0%| F|  |TAMS 0x0000000715400000, 0x0000000715400000| Untracked 
| 142|0x0000000715600000, 0x0000000715600000, 0x0000000715800000|  0%| F|  |TAMS 0x0000000715600000, 0x0000000715600000| Untracked 
| 143|0x0000000715800000, 0x0000000715800000, 0x0000000715a00000|  0%| F|  |TAMS 0x0000000715800000, 0x0000000715800000| Untracked 
| 144|0x0000000715a00000, 0x0000000715a00000, 0x0000000715c00000|  0%| F|  |TAMS 0x0000000715a00000, 0x0000000715a00000| Untracked 
| 145|0x0000000715c00000, 0x0000000715c00000, 0x0000000715e00000|  0%| F|  |TAMS 0x0000000715c00000, 0x0000000715c00000| Untracked 
| 146|0x0000000715e00000, 0x0000000715e00000, 0x0000000716000000|  0%| F|  |TAMS 0x0000000715e00000, 0x0000000715e00000| Untracked 
| 147|0x0000000716000000, 0x0000000716000000, 0x0000000716200000|  0%| F|  |TAMS 0x0000000716000000, 0x0000000716000000| Untracked 
| 148|0x0000000716200000, 0x0000000716200000, 0x0000000716400000|  0%| F|  |TAMS 0x0000000716200000, 0x0000000716200000| Untracked 
| 149|0x0000000716400000, 0x0000000716400000, 0x0000000716600000|  0%| F|  |TAMS 0x0000000716400000, 0x0000000716400000| Untracked 
| 150|0x0000000716600000, 0x0000000716600000, 0x0000000716800000|  0%| F|  |TAMS 0x0000000716600000, 0x0000000716600000| Untracked 
| 151|0x0000000716800000, 0x0000000716800000, 0x0000000716a00000|  0%| F|  |TAMS 0x0000000716800000, 0x0000000716800000| Untracked 
| 152|0x0000000716a00000, 0x0000000716a00000, 0x0000000716c00000|  0%| F|  |TAMS 0x0000000716a00000, 0x0000000716a00000| Untracked 
| 153|0x0000000716c00000, 0x0000000716c00000, 0x0000000716e00000|  0%| F|  |TAMS 0x0000000716c00000, 0x0000000716c00000| Untracked 
| 154|0x0000000716e00000, 0x0000000716e00000, 0x0000000717000000|  0%| F|  |TAMS 0x0000000716e00000, 0x0000000716e00000| Untracked 
| 155|0x0000000717000000, 0x0000000717000000, 0x0000000717200000|  0%| F|  |TAMS 0x0000000717000000, 0x0000000717000000| Untracked 
| 156|0x0000000717200000, 0x0000000717200000, 0x0000000717400000|  0%| F|  |TAMS 0x0000000717200000, 0x0000000717200000| Untracked 
| 157|0x0000000717400000, 0x0000000717400000, 0x0000000717600000|  0%| F|  |TAMS 0x0000000717400000, 0x0000000717400000| Untracked 
| 158|0x0000000717600000, 0x0000000717600000, 0x0000000717800000|  0%| F|  |TAMS 0x0000000717600000, 0x0000000717600000| Untracked 
| 159|0x0000000717800000, 0x0000000717800000, 0x0000000717a00000|  0%| F|  |TAMS 0x0000000717800000, 0x0000000717800000| Untracked 
| 160|0x0000000717a00000, 0x0000000717a00000, 0x0000000717c00000|  0%| F|  |TAMS 0x0000000717a00000, 0x0000000717a00000| Untracked 
| 161|0x0000000717c00000, 0x0000000717c00000, 0x0000000717e00000|  0%| F|  |TAMS 0x0000000717c00000, 0x0000000717c00000| Untracked 
| 162|0x0000000717e00000, 0x0000000717e00000, 0x0000000718000000|  0%| F|  |TAMS 0x0000000717e00000, 0x0000000717e00000| Untracked 
| 163|0x0000000718000000, 0x0000000718000000, 0x0000000718200000|  0%| F|  |TAMS 0x0000000718000000, 0x0000000718000000| Untracked 
| 164|0x0000000718200000, 0x0000000718200000, 0x0000000718400000|  0%| F|  |TAMS 0x0000000718200000, 0x0000000718200000| Untracked 
| 165|0x0000000718400000, 0x0000000718400000, 0x0000000718600000|  0%| F|  |TAMS 0x0000000718400000, 0x0000000718400000| Untracked 
| 166|0x0000000718600000, 0x0000000718600000, 0x0000000718800000|  0%| F|  |TAMS 0x0000000718600000, 0x0000000718600000| Untracked 
| 167|0x0000000718800000, 0x0000000718800000, 0x0000000718a00000|  0%| F|  |TAMS 0x0000000718800000, 0x0000000718800000| Untracked 
| 168|0x0000000718a00000, 0x0000000718a00000, 0x0000000718c00000|  0%| F|  |TAMS 0x0000000718a00000, 0x0000000718a00000| Untracked 
| 169|0x0000000718c00000, 0x0000000718c00000, 0x0000000718e00000|  0%| F|  |TAMS 0x0000000718c00000, 0x0000000718c00000| Untracked 
| 170|0x0000000718e00000, 0x0000000718e00000, 0x0000000719000000|  0%| F|  |TAMS 0x0000000718e00000, 0x0000000718e00000| Untracked 
| 171|0x0000000719000000, 0x0000000719000000, 0x0000000719200000|  0%| F|  |TAMS 0x0000000719000000, 0x0000000719000000| Untracked 
| 172|0x0000000719200000, 0x0000000719200000, 0x0000000719400000|  0%| F|  |TAMS 0x0000000719200000, 0x0000000719200000| Untracked 
| 173|0x0000000719400000, 0x0000000719400000, 0x0000000719600000|  0%| F|  |TAMS 0x0000000719400000, 0x0000000719400000| Untracked 
| 174|0x0000000719600000, 0x0000000719600000, 0x0000000719800000|  0%| F|  |TAMS 0x0000000719600000, 0x0000000719600000| Untracked 
| 175|0x0000000719800000, 0x0000000719800000, 0x0000000719a00000|  0%| F|  |TAMS 0x0000000719800000, 0x0000000719800000| Untracked 
| 176|0x0000000719a00000, 0x0000000719a00000, 0x0000000719c00000|  0%| F|  |TAMS 0x0000000719a00000, 0x0000000719a00000| Untracked 
| 177|0x0000000719c00000, 0x0000000719c00000, 0x0000000719e00000|  0%| F|  |TAMS 0x0000000719c00000, 0x0000000719c00000| Untracked 
| 178|0x0000000719e00000, 0x0000000719e00000, 0x000000071a000000|  0%| F|  |TAMS 0x0000000719e00000, 0x0000000719e00000| Untracked 
| 179|0x000000071a000000, 0x000000071a000000, 0x000000071a200000|  0%| F|  |TAMS 0x000000071a000000, 0x000000071a000000| Untracked 
| 180|0x000000071a200000, 0x000000071a200000, 0x000000071a400000|  0%| F|  |TAMS 0x000000071a200000, 0x000000071a200000| Untracked 
| 181|0x000000071a400000, 0x000000071a400000, 0x000000071a600000|  0%| F|  |TAMS 0x000000071a400000, 0x000000071a400000| Untracked 
| 182|0x000000071a600000, 0x000000071a600000, 0x000000071a800000|  0%| F|  |TAMS 0x000000071a600000, 0x000000071a600000| Untracked 
| 183|0x000000071a800000, 0x000000071a800000, 0x000000071aa00000|  0%| F|  |TAMS 0x000000071a800000, 0x000000071a800000| Untracked 
| 184|0x000000071aa00000, 0x000000071aa00000, 0x000000071ac00000|  0%| F|  |TAMS 0x000000071aa00000, 0x000000071aa00000| Untracked 
| 185|0x000000071ac00000, 0x000000071ac00000, 0x000000071ae00000|  0%| F|  |TAMS 0x000000071ac00000, 0x000000071ac00000| Untracked 
| 186|0x000000071ae00000, 0x000000071ae00000, 0x000000071b000000|  0%| F|  |TAMS 0x000000071ae00000, 0x000000071ae00000| Untracked 
| 187|0x000000071b000000, 0x000000071b000000, 0x000000071b200000|  0%| F|  |TAMS 0x000000071b000000, 0x000000071b000000| Untracked 
| 188|0x000000071b200000, 0x000000071b200000, 0x000000071b400000|  0%| F|  |TAMS 0x000000071b200000, 0x000000071b200000| Untracked 
| 189|0x000000071b400000, 0x000000071b400000, 0x000000071b600000|  0%| F|  |TAMS 0x000000071b400000, 0x000000071b400000| Untracked 
| 190|0x000000071b600000, 0x000000071b600000, 0x000000071b800000|  0%| F|  |TAMS 0x000000071b600000, 0x000000071b600000| Untracked 
| 191|0x000000071b800000, 0x000000071b800000, 0x000000071ba00000|  0%| F|  |TAMS 0x000000071b800000, 0x000000071b800000| Untracked 
| 192|0x000000071ba00000, 0x000000071ba00000, 0x000000071bc00000|  0%| F|  |TAMS 0x000000071ba00000, 0x000000071ba00000| Untracked 
| 193|0x000000071bc00000, 0x000000071bc00000, 0x000000071be00000|  0%| F|  |TAMS 0x000000071bc00000, 0x000000071bc00000| Untracked 
| 194|0x000000071be00000, 0x000000071be00000, 0x000000071c000000|  0%| F|  |TAMS 0x000000071be00000, 0x000000071be00000| Untracked 
| 195|0x000000071c000000, 0x000000071c000000, 0x000000071c200000|  0%| F|  |TAMS 0x000000071c000000, 0x000000071c000000| Untracked 
| 196|0x000000071c200000, 0x000000071c200000, 0x000000071c400000|  0%| F|  |TAMS 0x000000071c200000, 0x000000071c200000| Untracked 
| 197|0x000000071c400000, 0x000000071c400000, 0x000000071c600000|  0%| F|  |TAMS 0x000000071c400000, 0x000000071c400000| Untracked 
| 198|0x000000071c600000, 0x000000071c600000, 0x000000071c800000|  0%| F|  |TAMS 0x000000071c600000, 0x000000071c600000| Untracked 
| 199|0x000000071c800000, 0x000000071c800000, 0x000000071ca00000|  0%| F|  |TAMS 0x000000071c800000, 0x000000071c800000| Untracked 
| 200|0x000000071ca00000, 0x000000071ca00000, 0x000000071cc00000|  0%| F|  |TAMS 0x000000071ca00000, 0x000000071ca00000| Untracked 
| 201|0x000000071cc00000, 0x000000071cc00000, 0x000000071ce00000|  0%| F|  |TAMS 0x000000071cc00000, 0x000000071cc00000| Untracked 
| 202|0x000000071ce00000, 0x000000071ce00000, 0x000000071d000000|  0%| F|  |TAMS 0x000000071ce00000, 0x000000071ce00000| Untracked 
| 203|0x000000071d000000, 0x000000071d000000, 0x000000071d200000|  0%| F|  |TAMS 0x000000071d000000, 0x000000071d000000| Untracked 
| 204|0x000000071d200000, 0x000000071d200000, 0x000000071d400000|  0%| F|  |TAMS 0x000000071d200000, 0x000000071d200000| Untracked 
| 205|0x000000071d400000, 0x000000071d400000, 0x000000071d600000|  0%| F|  |TAMS 0x000000071d400000, 0x000000071d400000| Untracked 
| 206|0x000000071d600000, 0x000000071d600000, 0x000000071d800000|  0%| F|  |TAMS 0x000000071d600000, 0x000000071d600000| Untracked 
| 207|0x000000071d800000, 0x000000071d800000, 0x000000071da00000|  0%| F|  |TAMS 0x000000071d800000, 0x000000071d800000| Untracked 
| 208|0x000000071da00000, 0x000000071da00000, 0x000000071dc00000|  0%| F|  |TAMS 0x000000071da00000, 0x000000071da00000| Untracked 
| 209|0x000000071dc00000, 0x000000071dc00000, 0x000000071de00000|  0%| F|  |TAMS 0x000000071dc00000, 0x000000071dc00000| Untracked 
| 210|0x000000071de00000, 0x000000071de00000, 0x000000071e000000|  0%| F|  |TAMS 0x000000071de00000, 0x000000071de00000| Untracked 
| 211|0x000000071e000000, 0x000000071e000000, 0x000000071e200000|  0%| F|  |TAMS 0x000000071e000000, 0x000000071e000000| Untracked 
| 212|0x000000071e200000, 0x000000071e200000, 0x000000071e400000|  0%| F|  |TAMS 0x000000071e200000, 0x000000071e200000| Untracked 
| 213|0x000000071e400000, 0x000000071e400000, 0x000000071e600000|  0%| F|  |TAMS 0x000000071e400000, 0x000000071e400000| Untracked 
| 214|0x000000071e600000, 0x000000071e600000, 0x000000071e800000|  0%| F|  |TAMS 0x000000071e600000, 0x000000071e600000| Untracked 
| 215|0x000000071e800000, 0x000000071e800000, 0x000000071ea00000|  0%| F|  |TAMS 0x000000071e800000, 0x000000071e800000| Untracked 
| 216|0x000000071ea00000, 0x000000071ea00000, 0x000000071ec00000|  0%| F|  |TAMS 0x000000071ea00000, 0x000000071ea00000| Untracked 
| 217|0x000000071ec00000, 0x000000071ec00000, 0x000000071ee00000|  0%| F|  |TAMS 0x000000071ec00000, 0x000000071ec00000| Untracked 
| 218|0x000000071ee00000, 0x000000071ee00000, 0x000000071f000000|  0%| F|  |TAMS 0x000000071ee00000, 0x000000071ee00000| Untracked 
| 219|0x000000071f000000, 0x000000071f000000, 0x000000071f200000|  0%| F|  |TAMS 0x000000071f000000, 0x000000071f000000| Untracked 
| 220|0x000000071f200000, 0x000000071f200000, 0x000000071f400000|  0%| F|  |TAMS 0x000000071f200000, 0x000000071f200000| Untracked 
| 221|0x000000071f400000, 0x000000071f400000, 0x000000071f600000|  0%| F|  |TAMS 0x000000071f400000, 0x000000071f400000| Untracked 
| 222|0x000000071f600000, 0x000000071f600000, 0x000000071f800000|  0%| F|  |TAMS 0x000000071f600000, 0x000000071f600000| Untracked 
| 223|0x000000071f800000, 0x000000071f800000, 0x000000071fa00000|  0%| F|  |TAMS 0x000000071f800000, 0x000000071f800000| Untracked 
| 224|0x000000071fa00000, 0x000000071fa00000, 0x000000071fc00000|  0%| F|  |TAMS 0x000000071fa00000, 0x000000071fa00000| Untracked 
| 225|0x000000071fc00000, 0x000000071fc00000, 0x000000071fe00000|  0%| F|  |TAMS 0x000000071fc00000, 0x000000071fc00000| Untracked 
| 226|0x000000071fe00000, 0x000000071fe00000, 0x0000000720000000|  0%| F|  |TAMS 0x000000071fe00000, 0x000000071fe00000| Untracked 
| 227|0x0000000720000000, 0x0000000720000000, 0x0000000720200000|  0%| F|  |TAMS 0x0000000720000000, 0x0000000720000000| Untracked 
| 228|0x0000000720200000, 0x0000000720200000, 0x0000000720400000|  0%| F|  |TAMS 0x0000000720200000, 0x0000000720200000| Untracked 
| 229|0x0000000720400000, 0x0000000720400000, 0x0000000720600000|  0%| F|  |TAMS 0x0000000720400000, 0x0000000720400000| Untracked 
| 230|0x0000000720600000, 0x0000000720600000, 0x0000000720800000|  0%| F|  |TAMS 0x0000000720600000, 0x0000000720600000| Untracked 
| 231|0x0000000720800000, 0x0000000720800000, 0x0000000720a00000|  0%| F|  |TAMS 0x0000000720800000, 0x0000000720800000| Untracked 
| 232|0x0000000720a00000, 0x0000000720a00000, 0x0000000720c00000|  0%| F|  |TAMS 0x0000000720a00000, 0x0000000720a00000| Untracked 
| 233|0x0000000720c00000, 0x0000000720c00000, 0x0000000720e00000|  0%| F|  |TAMS 0x0000000720c00000, 0x0000000720c00000| Untracked 
| 234|0x0000000720e00000, 0x0000000720e00000, 0x0000000721000000|  0%| F|  |TAMS 0x0000000720e00000, 0x0000000720e00000| Untracked 
| 235|0x0000000721000000, 0x0000000721000000, 0x0000000721200000|  0%| F|  |TAMS 0x0000000721000000, 0x0000000721000000| Untracked 
| 236|0x0000000721200000, 0x0000000721200000, 0x0000000721400000|  0%| F|  |TAMS 0x0000000721200000, 0x0000000721200000| Untracked 
| 237|0x0000000721400000, 0x0000000721400000, 0x0000000721600000|  0%| F|  |TAMS 0x0000000721400000, 0x0000000721400000| Untracked 
| 238|0x0000000721600000, 0x0000000721600000, 0x0000000721800000|  0%| F|  |TAMS 0x0000000721600000, 0x0000000721600000| Untracked 
| 239|0x0000000721800000, 0x0000000721800000, 0x0000000721a00000|  0%| F|  |TAMS 0x0000000721800000, 0x0000000721800000| Untracked 
| 240|0x0000000721a00000, 0x0000000721a00000, 0x0000000721c00000|  0%| F|  |TAMS 0x0000000721a00000, 0x0000000721a00000| Untracked 
| 241|0x0000000721c00000, 0x0000000721c00000, 0x0000000721e00000|  0%| F|  |TAMS 0x0000000721c00000, 0x0000000721c00000| Untracked 
| 242|0x0000000721e00000, 0x0000000721e00000, 0x0000000722000000|  0%| F|  |TAMS 0x0000000721e00000, 0x0000000721e00000| Untracked 
| 243|0x0000000722000000, 0x0000000722000000, 0x0000000722200000|  0%| F|  |TAMS 0x0000000722000000, 0x0000000722000000| Untracked 
| 244|0x0000000722200000, 0x0000000722200000, 0x0000000722400000|  0%| F|  |TAMS 0x0000000722200000, 0x0000000722200000| Untracked 
| 245|0x0000000722400000, 0x0000000722400000, 0x0000000722600000|  0%| F|  |TAMS 0x0000000722400000, 0x0000000722400000| Untracked 
| 246|0x0000000722600000, 0x0000000722600000, 0x0000000722800000|  0%| F|  |TAMS 0x0000000722600000, 0x0000000722600000| Untracked 
| 247|0x0000000722800000, 0x0000000722800000, 0x0000000722a00000|  0%| F|  |TAMS 0x0000000722800000, 0x0000000722800000| Untracked 
| 248|0x0000000722a00000, 0x0000000722a00000, 0x0000000722c00000|  0%| F|  |TAMS 0x0000000722a00000, 0x0000000722a00000| Untracked 
| 249|0x0000000722c00000, 0x0000000722c00000, 0x0000000722e00000|  0%| F|  |TAMS 0x0000000722c00000, 0x0000000722c00000| Untracked 
| 250|0x0000000722e00000, 0x0000000722e00000, 0x0000000723000000|  0%| F|  |TAMS 0x0000000722e00000, 0x0000000722e00000| Untracked 
| 251|0x0000000723000000, 0x0000000723000000, 0x0000000723200000|  0%| F|  |TAMS 0x0000000723000000, 0x0000000723000000| Untracked 

Card table byte_map: [0x000002308b130000,0x000002308b920000] _byte_map_base: 0x0000023087913000

Marking Bits (Prev, Next): (CMBitMap*) 0x0000023084c64a80, (CMBitMap*) 0x0000023084c64ac0
 Prev Bits: [0x000002308c110000, 0x0000023090028000)
 Next Bits: [0x0000023090030000, 0x0000023093f48000)

Polling page: 0x0000023084370000

Metaspace:

Usage:
  Non-class:     37.58 MB used.
      Class:      5.31 MB used.
       Both:     42.89 MB used.

Virtual space:
  Non-class space:       40.00 MB reserved,      37.81 MB ( 95%) committed,  5 nodes.
      Class space:        1.00 GB reserved,       5.50 MB ( <1%) committed,  1 nodes.
             Both:        1.04 GB reserved,      43.31 MB (  4%) committed. 

Chunk freelists:
   Non-Class:  1.83 MB
       Class:  2.41 MB
        Both:  4.23 MB

MaxMetaspaceSize: unlimited
CompressedClassSpaceSize: 1.00 GB
Initial GC threshold: 21.00 MB
Current GC threshold: 50.44 MB
CDS: off
MetaspaceReclaimPolicy: balanced
 - commit_granule_bytes: 65536.
 - commit_granule_words: 8192.
 - virtual_space_node_default_size: 1048576.
 - enlarge_chunks_in_place: 1.
 - new_chunks_are_fully_committed: 0.
 - uncommit_free_chunks: 1.
 - use_allocation_guard: 0.
 - handle_deallocations: 1.


Internal statistics:

num_allocs_failed_limit: 11.
num_arena_births: 408.
num_arena_deaths: 0.
num_vsnodes_births: 6.
num_vsnodes_deaths: 0.
num_space_committed: 693.
num_space_uncommitted: 0.
num_chunks_returned_to_freelist: 11.
num_chunks_taken_from_freelist: 1734.
num_chunk_merges: 11.
num_chunk_splits: 1221.
num_chunks_enlarged: 967.
num_purges: 0.
num_inconsistent_stats: 0.

CodeCache: size=49152Kb used=9749Kb max_used=10202Kb free=39402Kb
 bounds [0x0000023087830000, 0x0000023088230000, 0x000002308a830000]
 total_blobs=5126 nmethods=4563 adapters=489
 compilation: enabled
              stopped_count=0, restarted_count=0
 full_count=0

Compilation events (20 events):
Event: 23.347 Thread 0x0000023096b273f0 nmethod 4554 0x00000230880add90 code [0x00000230880adf20, 0x00000230880adfd8]
Event: 23.347 Thread 0x0000023096b273f0 4555       1       org.eclipse.jdt.internal.compiler.lookup.AnnotationHolder::setAnnotations (18 bytes)
Event: 23.347 Thread 0x0000023096b273f0 nmethod 4555 0x00000230880ada10 code [0x00000230880adba0, 0x00000230880add18]
Event: 23.347 Thread 0x0000023096b273f0 4556       1       org.eclipse.jdt.internal.compiler.lookup.ReferenceBinding::storeAnnotationHolder (43 bytes)
Event: 23.347 Thread 0x0000023096b264c0 nmethod 4557 0x00000230880ad210 code [0x00000230880ad3e0, 0x00000230880ad7d8]
Event: 23.348 Thread 0x0000023096b264c0 4558       1       org.eclipse.jdt.internal.compiler.batch.ClasspathDirectory::getModulesDeclaringPackage (40 bytes)
Event: 23.348 Thread 0x0000023096b273f0 nmethod 4556 0x00000230880acd10 code [0x00000230880acee0, 0x00000230880ad0b8]
Event: 23.348 Thread 0x0000023096b264c0 nmethod 4558 0x00000230880ac910 code [0x00000230880acac0, 0x00000230880acc08]
Event: 23.348 Thread 0x0000023096b273f0 4553       1       org.eclipse.jdt.internal.compiler.lookup.BinaryModuleBinding::getDeclaredPackage (18 bytes)
Event: 23.348 Thread 0x0000023096b264c0 4559       1       org.eclipse.jdt.internal.compiler.lookup.PackageBinding::getType0 (18 bytes)
Event: 23.348 Thread 0x0000023096b264c0 nmethod 4559 0x00000230880ac590 code [0x00000230880ac740, 0x00000230880ac868]
Event: 23.349 Thread 0x0000023096b273f0 nmethod 4553 0x00000230880abe90 code [0x00000230880ac060, 0x00000230880ac388]
Event: 23.415 Thread 0x0000023096b273f0 4560       1       org.eclipse.jdt.internal.compiler.lookup.TypeSystem$HashedParameterizedTypes$PTBKey::hashCode (59 bytes)
Event: 23.415 Thread 0x0000023096b264c0 4561       1       org.eclipse.jdt.internal.compiler.lookup.ModuleBinding::getVisiblePackage (440 bytes)
Event: 23.416 Thread 0x0000023096b273f0 nmethod 4560 0x00000230880ab710 code [0x00000230880ab8e0, 0x00000230880abc78]
Event: 23.417 Thread 0x0000023096b273f0 4562       1       org.eclipse.jdt.core.compiler.CharOperation::equals (55 bytes)
Event: 23.418 Thread 0x0000023096b273f0 nmethod 4562 0x00000230880ab190 code [0x00000230880ab340, 0x00000230880ab588]
Event: 23.418 Thread 0x0000023096b273f0 4563       1       org.eclipse.jdt.internal.compiler.util.Util::effectivelyEqual (73 bytes)
Event: 23.418 Thread 0x0000023096b273f0 nmethod 4563 0x00000230880aac90 code [0x00000230880aae40, 0x00000230880ab058]
Event: 23.419 Thread 0x0000023096b264c0 nmethod 4561 0x00000230880a8b10 code [0x00000230880a8ec0, 0x00000230880a9f18]

GC Heap History (20 events):
Event: 19.055 GC heap after
{Heap after GC invocations=13 (full 0):
 garbage-first heap   total 161792K, used 59196K [0x0000000703a00000, 0x0000000800000000)
  region size 2048K, 5 young (10240K), 5 survivors (10240K)
 Metaspace       used 40762K, committed 41152K, reserved 1089536K
  class space    used 5055K, committed 5248K, reserved 1048576K
}
Event: 19.269 GC heap before
{Heap before GC invocations=13 (full 0):
 garbage-first heap   total 161792K, used 106300K [0x0000000703a00000, 0x0000000800000000)
  region size 2048K, 29 young (59392K), 5 survivors (10240K)
 Metaspace       used 41217K, committed 41600K, reserved 1089536K
  class space    used 5111K, committed 5312K, reserved 1048576K
}
Event: 19.302 GC heap after
{Heap after GC invocations=14 (full 0):
 garbage-first heap   total 161792K, used 70981K [0x0000000703a00000, 0x0000000800000000)
  region size 2048K, 4 young (8192K), 4 survivors (8192K)
 Metaspace       used 41217K, committed 41600K, reserved 1089536K
  class space    used 5111K, committed 5312K, reserved 1048576K
}
Event: 19.323 GC heap before
{Heap before GC invocations=14 (full 0):
 garbage-first heap   total 161792K, used 111941K [0x0000000703a00000, 0x0000000800000000)
  region size 2048K, 25 young (51200K), 4 survivors (8192K)
 Metaspace       used 41222K, committed 41600K, reserved 1089536K
  class space    used 5115K, committed 5312K, reserved 1048576K
}
Event: 19.331 GC heap after
{Heap after GC invocations=15 (full 0):
 garbage-first heap   total 258048K, used 73650K [0x0000000703a00000, 0x0000000800000000)
  region size 2048K, 2 young (4096K), 2 survivors (4096K)
 Metaspace       used 41222K, committed 41600K, reserved 1089536K
  class space    used 5115K, committed 5312K, reserved 1048576K
}
Event: 19.459 GC heap before
{Heap before GC invocations=15 (full 0):
 garbage-first heap   total 258048K, used 171954K [0x0000000703a00000, 0x0000000800000000)
  region size 2048K, 51 young (104448K), 2 survivors (4096K)
 Metaspace       used 41507K, committed 41856K, reserved 1089536K
  class space    used 5136K, committed 5312K, reserved 1048576K
}
Event: 19.466 GC heap after
{Heap after GC invocations=16 (full 0):
 garbage-first heap   total 258048K, used 77469K [0x0000000703a00000, 0x0000000800000000)
  region size 2048K, 3 young (6144K), 3 survivors (6144K)
 Metaspace       used 41507K, committed 41856K, reserved 1089536K
  class space    used 5136K, committed 5312K, reserved 1048576K
}
Event: 19.604 GC heap before
{Heap before GC invocations=16 (full 0):
 garbage-first heap   total 258048K, used 186013K [0x0000000703a00000, 0x0000000800000000)
  region size 2048K, 57 young (116736K), 3 survivors (6144K)
 Metaspace       used 41525K, committed 41856K, reserved 1089536K
  class space    used 5139K, committed 5312K, reserved 1048576K
}
Event: 19.611 GC heap after
{Heap after GC invocations=17 (full 0):
 garbage-first heap   total 258048K, used 82042K [0x0000000703a00000, 0x0000000800000000)
  region size 2048K, 6 young (12288K), 6 survivors (12288K)
 Metaspace       used 41525K, committed 41856K, reserved 1089536K
  class space    used 5139K, committed 5312K, reserved 1048576K
}
Event: 19.713 GC heap before
{Heap before GC invocations=17 (full 0):
 garbage-first heap   total 258048K, used 190586K [0x0000000703a00000, 0x0000000800000000)
  region size 2048K, 60 young (122880K), 6 survivors (12288K)
 Metaspace       used 41538K, committed 41920K, reserved 1089536K
  class space    used 5139K, committed 5312K, reserved 1048576K
}
Event: 19.723 GC heap after
{Heap after GC invocations=18 (full 0):
 garbage-first heap   total 258048K, used 86797K [0x0000000703a00000, 0x0000000800000000)
  region size 2048K, 5 young (10240K), 5 survivors (10240K)
 Metaspace       used 41538K, committed 41920K, reserved 1089536K
  class space    used 5139K, committed 5312K, reserved 1048576K
}
Event: 19.832 GC heap before
{Heap before GC invocations=18 (full 0):
 garbage-first heap   total 258048K, used 197389K [0x0000000703a00000, 0x0000000800000000)
  region size 2048K, 60 young (122880K), 5 survivors (10240K)
 Metaspace       used 41550K, committed 41920K, reserved 1089536K
  class space    used 5143K, committed 5312K, reserved 1048576K
}
Event: 19.843 GC heap after
{Heap after GC invocations=19 (full 0):
 garbage-first heap   total 516096K, used 90815K [0x0000000703a00000, 0x0000000800000000)
  region size 2048K, 5 young (10240K), 5 survivors (10240K)
 Metaspace       used 41550K, committed 41920K, reserved 1089536K
  class space    used 5143K, committed 5312K, reserved 1048576K
}
Event: 20.161 GC heap before
{Heap before GC invocations=19 (full 0):
 garbage-first heap   total 516096K, used 387775K [0x0000000703a00000, 0x0000000800000000)
  region size 2048K, 151 young (309248K), 5 survivors (10240K)
 Metaspace       used 41759K, committed 42176K, reserved 1089536K
  class space    used 5164K, committed 5376K, reserved 1048576K
}
Event: 20.173 GC heap after
{Heap after GC invocations=20 (full 0):
 garbage-first heap   total 516096K, used 103327K [0x0000000703a00000, 0x0000000800000000)
  region size 2048K, 11 young (22528K), 11 survivors (22528K)
 Metaspace       used 41759K, committed 42176K, reserved 1089536K
  class space    used 5164K, committed 5376K, reserved 1048576K
}
Event: 20.330 GC heap before
{Heap before GC invocations=20 (full 0):
 garbage-first heap   total 516096K, used 387999K [0x0000000703a00000, 0x0000000800000000)
  region size 2048K, 151 young (309248K), 11 survivors (22528K)
 Metaspace       used 41913K, committed 42304K, reserved 1089536K
  class space    used 5178K, committed 5376K, reserved 1048576K
}
Event: 20.347 GC heap after
{Heap after GC invocations=21 (full 0):
 garbage-first heap   total 516096K, used 114529K [0x0000000703a00000, 0x0000000800000000)
  region size 2048K, 14 young (28672K), 14 survivors (28672K)
 Metaspace       used 41913K, committed 42304K, reserved 1089536K
  class space    used 5178K, committed 5376K, reserved 1048576K
}
Event: 20.564 GC heap before
{Heap before GC invocations=21 (full 0):
 garbage-first heap   total 516096K, used 393057K [0x0000000703a00000, 0x0000000800000000)
  region size 2048K, 151 young (309248K), 14 survivors (28672K)
 Metaspace       used 42039K, committed 42368K, reserved 1089536K
  class space    used 5203K, committed 5376K, reserved 1048576K
}
Event: 20.586 GC heap after
{Heap after GC invocations=22 (full 0):
 garbage-first heap   total 516096K, used 131072K [0x0000000703a00000, 0x0000000800000000)
  region size 2048K, 14 young (28672K), 14 survivors (28672K)
 Metaspace       used 42039K, committed 42368K, reserved 1089536K
  class space    used 5203K, committed 5376K, reserved 1048576K
}
Event: 23.460 GC heap before
{Heap before GC invocations=22 (full 0):
 garbage-first heap   total 516096K, used 409600K [0x0000000703a00000, 0x0000000800000000)
  region size 2048K, 151 young (309248K), 14 survivors (28672K)
 Metaspace       used 43919K, committed 44352K, reserved 1089536K
  class space    used 5436K, committed 5632K, reserved 1048576K
}

Deoptimization events (12 events):
Event: 7.494 Thread 0x0000023084bf84b0 DEOPT PACKING pc=0x0000023087d96df9 sp=0x0000009e942fd200
Event: 7.494 Thread 0x0000023084bf84b0 DEOPT UNPACKING pc=0x0000023087882b43 sp=0x0000009e942fc6e0 mode 3
Event: 14.828 Thread 0x0000023084bf84b0 DEOPT PACKING pc=0x0000023087e27bf9 sp=0x0000009e942fc560
Event: 14.828 Thread 0x0000023084bf84b0 DEOPT UNPACKING pc=0x0000023087882b43 sp=0x0000009e942fba48 mode 3
Event: 16.182 Thread 0x0000023098aa6170 DEOPT PACKING pc=0x0000023087eb7c6d sp=0x0000009e961fd630
Event: 16.182 Thread 0x0000023098aa6170 DEOPT UNPACKING pc=0x0000023087882b43 sp=0x0000009e961fcb48 mode 3
Event: 16.466 Thread 0x0000023098aa6640 DEOPT PACKING pc=0x0000023087ed3c93 sp=0x0000009e962fe5d0
Event: 16.466 Thread 0x0000023098aa6640 DEOPT UNPACKING pc=0x0000023087882b43 sp=0x0000009e962fdb18 mode 3
Event: 16.563 Thread 0x0000023098a4e1b0 DEOPT PACKING pc=0x0000023087d95f09 sp=0x0000009e960fd7a0
Event: 16.563 Thread 0x0000023098a4e1b0 DEOPT UNPACKING pc=0x0000023087882b43 sp=0x0000009e960fcc30 mode 3
Event: 16.966 Thread 0x0000023098964c50 DEOPT PACKING pc=0x0000023087d9301f sp=0x0000009e96cff110
Event: 16.966 Thread 0x0000023098964c50 DEOPT UNPACKING pc=0x0000023087882b43 sp=0x0000009e96cfe568 mode 3

Classes unloaded (0 events):
No events

Classes redefined (0 events):
No events

Internal exceptions (20 events):
Event: 16.608 Thread 0x00000230989677a0 Exception <a 'sun/nio/fs/WindowsException'{0x0000000713355530}> (0x0000000713355530) 
thrown [s\src\hotspot\share\prims\jni.cpp, line 516]
Event: 16.608 Thread 0x00000230989677a0 Exception <a 'sun/nio/fs/WindowsException'{0x0000000713355950}> (0x0000000713355950) 
thrown [s\src\hotspot\share\prims\jni.cpp, line 516]
Event: 16.608 Thread 0x00000230989677a0 Exception <a 'sun/nio/fs/WindowsException'{0x00000007133563b8}> (0x00000007133563b8) 
thrown [s\src\hotspot\share\prims\jni.cpp, line 516]
Event: 16.608 Thread 0x00000230989677a0 Exception <a 'sun/nio/fs/WindowsException'{0x00000007133567f0}> (0x00000007133567f0) 
thrown [s\src\hotspot\share\prims\jni.cpp, line 516]
Event: 16.609 Thread 0x00000230989677a0 Exception <a 'sun/nio/fs/WindowsException'{0x0000000713357250}> (0x0000000713357250) 
thrown [s\src\hotspot\share\prims\jni.cpp, line 516]
Event: 16.609 Thread 0x00000230989677a0 Exception <a 'sun/nio/fs/WindowsException'{0x0000000713357680}> (0x0000000713357680) 
thrown [s\src\hotspot\share\prims\jni.cpp, line 516]
Event: 17.747 Thread 0x0000023098aa6170 Exception <a 'java/lang/NoSuchMethodError'{0x000000070ca640a8}: 'java.lang.Object java.lang.invoke.Invokers$Holder.invoke_MT(java.lang.Object, java.lang.Object, java.lang.Object)'> (0x000000070ca640a8) 
thrown [s\src\hotspot\share\interpreter\linkResolver.cpp, line 759]
Event: 18.189 Thread 0x0000023098aa6170 Exception <a 'java/lang/NoSuchMethodError'{0x000000070bfa9170}: 'java.lang.Object java.lang.invoke.DirectMethodHandle$Holder.newInvokeSpecial(java.lang.Object, java.lang.Object, int)'> (0x000000070bfa9170) 
thrown [s\src\hotspot\share\interpreter\linkResolver.cpp, line 759]
Event: 18.315 Thread 0x0000023098c3f570 Exception <a 'java/lang/NoSuchMethodError'{0x000000070bdbf7f8}: 'java.lang.Object java.lang.invoke.Invokers$Holder.linkToTargetMethod(java.lang.Object, long, java.lang.Object)'> (0x000000070bdbf7f8) 
thrown [s\src\hotspot\share\interpreter\linkResolver.cpp, line 759]
Event: 18.557 Thread 0x0000023098c3f570 Exception <a 'sun/nio/fs/WindowsException'{0x000000070b2fcf30}> (0x000000070b2fcf30) 
thrown [s\src\hotspot\share\prims\jni.cpp, line 516]
Event: 18.557 Thread 0x0000023098c3f570 Exception <a 'sun/nio/fs/WindowsException'{0x000000070b2fda20}> (0x000000070b2fda20) 
thrown [s\src\hotspot\share\prims\jni.cpp, line 516]
Event: 18.557 Thread 0x0000023098c3f570 Exception <a 'sun/nio/fs/WindowsException'{0x000000070b2fe4c0}> (0x000000070b2fe4c0) 
thrown [s\src\hotspot\share\prims\jni.cpp, line 516]
Event: 18.566 Thread 0x0000023098c3f570 Exception <a 'sun/nio/fs/WindowsException'{0x000000070b335858}> (0x000000070b335858) 
thrown [s\src\hotspot\share\prims\jni.cpp, line 516]
Event: 18.566 Thread 0x0000023098c3f570 Exception <a 'sun/nio/fs/WindowsException'{0x000000070b336348}> (0x000000070b336348) 
thrown [s\src\hotspot\share\prims\jni.cpp, line 516]
Event: 18.566 Thread 0x0000023098c3f570 Exception <a 'sun/nio/fs/WindowsException'{0x000000070b336de8}> (0x000000070b336de8) 
thrown [s\src\hotspot\share\prims\jni.cpp, line 516]
Event: 18.577 Thread 0x0000023098c3f570 Exception <a 'sun/nio/fs/WindowsException'{0x000000070b36a630}> (0x000000070b36a630) 
thrown [s\src\hotspot\share\prims\jni.cpp, line 516]
Event: 21.269 Thread 0x0000023098c3d890 Exception <a 'sun/nio/fs/WindowsException'{0x0000000719935588}> (0x0000000719935588) 
thrown [s\src\hotspot\share\prims\jni.cpp, line 516]
Event: 21.269 Thread 0x0000023098c3d890 Exception <a 'sun/nio/fs/WindowsException'{0x0000000719935998}> (0x0000000719935998) 
thrown [s\src\hotspot\share\prims\jni.cpp, line 516]
Event: 21.731 Thread 0x0000023098c3ff10 Exception <a 'java/lang/IncompatibleClassChangeError'{0x000000071839b708}: Found class java.lang.Object, but interface was expected> (0x000000071839b708) 
thrown [s\src\hotspot\share\interpreter\linkResolver.cpp, line 826]
Event: 22.236 Thread 0x0000023098c3ff10 Exception <a 'java/lang/NoSuchMethodError'{0x0000000715d15928}: 'int java.lang.invoke.DirectMethodHandle$Holder.invokeSpecialIFC(java.lang.Object, java.lang.Object, java.lang.Object)'> (0x0000000715d15928) 
thrown [s\src\hotspot\share\interpreter\linkResolver.cpp, line 759]

VM Operations (20 events):
Event: 19.844 Executing VM operation: G1CollectForAllocation done
Event: 20.144 Executing VM operation: G1CollectForAllocation
Event: 20.161 Executing VM operation: G1CollectForAllocation done
Event: 20.161 Executing VM operation: G1CollectForAllocation
Event: 20.173 Executing VM operation: G1CollectForAllocation done
Event: 20.316 Executing VM operation: G1CollectForAllocation
Event: 20.329 Executing VM operation: G1CollectForAllocation done
Event: 20.329 Executing VM operation: G1CollectForAllocation
Event: 20.347 Executing VM operation: G1CollectForAllocation done
Event: 20.539 Executing VM operation: G1CollectForAllocation
Event: 20.564 Executing VM operation: G1CollectForAllocation done
Event: 20.564 Executing VM operation: G1CollectForAllocation
Event: 20.586 Executing VM operation: G1CollectForAllocation done
Event: 21.591 Executing VM operation: Cleanup
Event: 21.591 Executing VM operation: Cleanup done
Event: 22.600 Executing VM operation: Cleanup
Event: 22.613 Executing VM operation: Cleanup done
Event: 23.426 Executing VM operation: HandshakeAllThreads
Event: 23.426 Executing VM operation: HandshakeAllThreads done
Event: 23.460 Executing VM operation: G1CollectForAllocation

Events (20 events):
Event: 18.723 loading class java/lang/AbstractMethodError
Event: 18.723 loading class java/lang/AbstractMethodError done
Event: 19.382 loading class java/lang/ExceptionInInitializerError
Event: 19.382 loading class java/lang/ExceptionInInitializerError done
Event: 19.855 Thread 0x0000023096b25590 Thread exited: 0x0000023096b25590
Event: 20.016 Thread 0x0000023096b24150 Thread exited: 0x0000023096b24150
Event: 20.212 Thread 0x0000023096b273f0 Thread exited: 0x0000023096b273f0
Event: 20.915 loading class java/io/FileWriter
Event: 20.916 loading class java/io/FileWriter done
Event: 21.293 loading class java/lang/ThreadLocal$SuppliedThreadLocal
Event: 21.293 loading class java/lang/ThreadLocal$SuppliedThreadLocal done
Event: 21.628 loading class java/lang/NegativeArraySizeException
Event: 21.628 loading class java/lang/NegativeArraySizeException done
Event: 21.730 Thread 0x0000023096b273f0 Thread added: 0x0000023096b273f0
Event: 22.226 loading class java/util/stream/ReduceOps$4
Event: 22.226 loading class java/util/stream/ReduceOps$4 done
Event: 22.226 loading class java/util/stream/ReduceOps$4ReducingSink
Event: 22.226 loading class java/util/stream/ReduceOps$4ReducingSink done
Event: 22.234 loading class java/nio/file/Files$2
Event: 22.234 loading class java/nio/file/Files$2 done


Dynamic libraries:
0x00007ff7f97d0000 - 0x00007ff7f97de000 	c:\Users\lezter.hernandez\.vscode\extensions\redhat.java-1.12.0-win32-x64\jre\17.0.4.1-win32-x86_64\bin\java.exe
0x00007ffd702e0000 - 0x00007ffd704e9000 	C:\WINDOWS\SYSTEM32\ntdll.dll
0x00007ffd6e6d0000 - 0x00007ffd6e78d000 	C:\WINDOWS\System32\KERNEL32.DLL
0x00007ffd6d980000 - 0x00007ffd6dcfb000 	C:\WINDOWS\System32\KERNELBASE.dll
0x00007ffd6de20000 - 0x00007ffd6df31000 	C:\WINDOWS\System32\ucrtbase.dll
0x00007ffd5c820000 - 0x00007ffd5c838000 	c:\Users\lezter.hernandez\.vscode\extensions\redhat.java-1.12.0-win32-x64\jre\17.0.4.1-win32-x86_64\bin\jli.dll
0x00007ffd6e370000 - 0x00007ffd6e51d000 	C:\WINDOWS\System32\USER32.dll
0x00007ffd6e130000 - 0x00007ffd6e156000 	C:\WINDOWS\System32\win32u.dll
0x00007ffd6ef70000 - 0x00007ffd6ef99000 	C:\WINDOWS\System32\GDI32.dll
0x00007ffd6dd00000 - 0x00007ffd6de18000 	C:\WINDOWS\System32\gdi32full.dll
0x00007ffd6d820000 - 0x00007ffd6d8bd000 	C:\WINDOWS\System32\msvcp_win.dll
0x00007ffd51290000 - 0x00007ffd512a9000 	c:\Users\lezter.hernandez\.vscode\extensions\redhat.java-1.12.0-win32-x64\jre\17.0.4.1-win32-x86_64\bin\VCRUNTIME140.dll
0x00007ffd50fc0000 - 0x00007ffd51265000 	C:\WINDOWS\WinSxS\amd64_microsoft.windows.common-controls_6595b64144ccf1df_6.0.22000.120_none_9d947278b86cc467\COMCTL32.dll
0x00007ffd6e2b0000 - 0x00007ffd6e353000 	C:\WINDOWS\System32\msvcrt.dll
0x00007ffd6fa50000 - 0x00007ffd6fa81000 	C:\WINDOWS\System32\IMM32.DLL
0x00007ffd33ee0000 - 0x00007ffd3404a000 	C:\Program Files (x86)\Citrix\ICA Client\epclient64.dll
0x00007ffd6d190000 - 0x00007ffd6d1b7000 	C:\WINDOWS\SYSTEM32\bcrypt.dll
0x00007ffd63410000 - 0x00007ffd6341a000 	C:\WINDOWS\SYSTEM32\VERSION.dll
0x00007ffd6f520000 - 0x00007ffd6f5ce000 	C:\WINDOWS\System32\ADVAPI32.dll
0x00007ffd6f950000 - 0x00007ffd6f9ee000 	C:\WINDOWS\System32\sechost.dll
0x00007ffd6f400000 - 0x00007ffd6f520000 	C:\WINDOWS\System32\RPCRT4.dll
0x00007ffd6c940000 - 0x00007ffd6c974000 	C:\WINDOWS\SYSTEM32\ntmarta.dll
0x00007ffd6c020000 - 0x00007ffd6c122000 	C:\Program Files\Avecto\Privilege Guard Client\PGHook.dll
0x0000000068000000 - 0x0000000068072000 	C:\WINDOWS\System32\QIPCAP64.dll
0x00000230839a0000 - 0x0000023084158000 	C:\WINDOWS\System32\SHELL32.dll
0x00007ffd6c360000 - 0x00007ffd6c448000 	C:\WINDOWS\SYSTEM32\DNSAPI.dll
0x00007ffd6c330000 - 0x00007ffd6c35d000 	C:\WINDOWS\SYSTEM32\IPHLPAPI.DLL
0x00007ffd6efa0000 - 0x00007ffd6efa9000 	C:\WINDOWS\System32\NSI.dll
0x00007ffd6c810000 - 0x00007ffd6c828000 	C:\WINDOWS\SYSTEM32\kernel.appcore.dll
0x00007ffd65e10000 - 0x00007ffd65e1c000 	c:\Users\lezter.hernandez\.vscode\extensions\redhat.java-1.12.0-win32-x64\jre\17.0.4.1-win32-x86_64\bin\vcruntime140_1.dll
0x0000023084240000 - 0x00000230842bf000 	C:\WINDOWS\System32\bcryptPrimitives.dll
0x00007ffcb7110000 - 0x00007ffcb71a1000 	c:\Users\lezter.hernandez\.vscode\extensions\redhat.java-1.12.0-win32-x64\jre\17.0.4.1-win32-x86_64\bin\msvcp140.dll
0x00007ffcb0f80000 - 0x00007ffcb1bc6000 	c:\Users\lezter.hernandez\.vscode\extensions\redhat.java-1.12.0-win32-x64\jre\17.0.4.1-win32-x86_64\bin\server\jvm.dll
0x00000230842d0000 - 0x00000230842d8000 	C:\WINDOWS\System32\PSAPI.DLL
0x00007ffd38aa0000 - 0x00007ffd38aa9000 	C:\WINDOWS\SYSTEM32\WSOCK32.dll
0x00000230842e0000 - 0x000002308434f000 	C:\WINDOWS\System32\WS2_32.dll
0x00007ffd66b50000 - 0x00007ffd66b83000 	C:\WINDOWS\SYSTEM32\WINMM.dll
0x00007ffd65800000 - 0x00007ffd6580a000 	c:\Users\lezter.hernandez\.vscode\extensions\redhat.java-1.12.0-win32-x64\jre\17.0.4.1-win32-x86_64\bin\jimage.dll
0x00007ffd63120000 - 0x00007ffd63341000 	C:\WINDOWS\SYSTEM32\DBGHELP.DLL
0x00007ffd377c0000 - 0x00007ffd377f1000 	C:\WINDOWS\SYSTEM32\dbgcore.DLL
0x00007ffd4c3e0000 - 0x00007ffd4c405000 	c:\Users\lezter.hernandez\.vscode\extensions\redhat.java-1.12.0-win32-x64\jre\17.0.4.1-win32-x86_64\bin\java.dll
0x00007ffd4d840000 - 0x00007ffd4d858000 	c:\Users\lezter.hernandez\.vscode\extensions\redhat.java-1.12.0-win32-x64\jre\17.0.4.1-win32-x86_64\bin\zip.dll
0x00007ffd6b680000 - 0x00007ffd6bee5000 	C:\WINDOWS\SYSTEM32\windows.storage.dll
0x00007ffd6f5d0000 - 0x00007ffd6f947000 	C:\WINDOWS\System32\combase.dll
0x00007ffd6b510000 - 0x00007ffd6b676000 	C:\WINDOWS\SYSTEM32\wintypes.dll
0x00007ffd6f0d0000 - 0x00007ffd6f1ba000 	C:\WINDOWS\System32\SHCORE.dll
0x0000023096e70000 - 0x0000023096ecd000 	C:\WINDOWS\System32\shlwapi.dll
0x00007ffd6d6e0000 - 0x00007ffd6d701000 	C:\WINDOWS\SYSTEM32\profapi.dll
0x00007ffd4c600000 - 0x00007ffd4c619000 	C:\Users\lezter.hernandez\.vscode\extensions\redhat.java-1.12.0-win32-x64\jre\17.0.4.1-win32-x86_64\bin\net.dll
0x00007ffd6c830000 - 0x00007ffd6c93c000 	C:\WINDOWS\SYSTEM32\WINHTTP.dll
0x00007ffd6cdc0000 - 0x00007ffd6ce27000 	C:\WINDOWS\system32\mswsock.dll
0x00007ffd37ea0000 - 0x00007ffd37eb5000 	C:\Users\lezter.hernandez\.vscode\extensions\redhat.java-1.12.0-win32-x64\jre\17.0.4.1-win32-x86_64\bin\nio.dll
0x00007ffd63870000 - 0x00007ffd63880000 	c:\Users\lezter.hernandez\.vscode\extensions\redhat.java-1.12.0-win32-x64\jre\17.0.4.1-win32-x86_64\bin\verify.dll
0x00007ffd6aa40000 - 0x00007ffd6aa49000 	C:\Users\lezter.hernandez\.vscode\extensions\redhat.java-1.12.0-win32-x64\jre\17.0.4.1-win32-x86_64\bin\management.dll
0x00007ffd6a7f0000 - 0x00007ffd6a7fb000 	C:\Users\lezter.hernandez\.vscode\extensions\redhat.java-1.12.0-win32-x64\jre\17.0.4.1-win32-x86_64\bin\management_ext.dll
0x00007ffd5c5e0000 - 0x00007ffd5c5f7000 	C:\WINDOWS\system32\napinsp.dll
0x00007ffd5c5c0000 - 0x00007ffd5c5db000 	C:\WINDOWS\system32\pnrpnsp.dll
0x00007ffd5c5a0000 - 0x00007ffd5c5b2000 	C:\WINDOWS\System32\winrnr.dll
0x00007ffd63850000 - 0x00007ffd63865000 	C:\WINDOWS\system32\wshbth.dll
0x00007ffd5c580000 - 0x00007ffd5c59f000 	C:\WINDOWS\system32\nlansp_c.dll
0x00007ffd60fe0000 - 0x00007ffd60fea000 	C:\Windows\System32\rasadhlp.dll
0x00007ffd66dd0000 - 0x00007ffd66e51000 	C:\WINDOWS\System32\fwpuclnt.dll
0x00007ffd6d000000 - 0x00007ffd6d018000 	C:\WINDOWS\SYSTEM32\CRYPTSP.dll
0x00007ffd6c770000 - 0x00007ffd6c7a5000 	C:\WINDOWS\system32\rsaenh.dll
0x00007ffd6ceb0000 - 0x00007ffd6ced9000 	C:\WINDOWS\SYSTEM32\USERENV.dll
0x00007ffd6d020000 - 0x00007ffd6d02c000 	C:\WINDOWS\SYSTEM32\CRYPTBASE.dll
0x00007ffd67250000 - 0x00007ffd67269000 	C:\WINDOWS\SYSTEM32\dhcpcsvc6.DLL
0x00007ffd67620000 - 0x00007ffd6763e000 	C:\WINDOWS\SYSTEM32\dhcpcsvc.DLL

dbghelp: loaded successfully - version: 4.0.5 - missing functions: none
symbol engine: initialized successfully - sym options: 0x614 - pdb path: .;c:\Users\lezter.hernandez\.vscode\extensions\redhat.java-1.12.0-win32-x64\jre\17.0.4.1-win32-x86_64\bin;C:\WINDOWS\SYSTEM32;C:\WINDOWS\WinSxS\amd64_microsoft.windows.common-controls_6595b64144ccf1df_6.0.22000.120_none_9d947278b86cc467;C:\Program Files (x86)\Citrix\ICA Client;C:\Program Files\Avecto\Privilege Guard Client;c:\Users\lezter.hernandez\.vscode\extensions\redhat.java-1.12.0-win32-x64\jre\17.0.4.1-win32-x86_64\bin\server

VM Arguments:
jvm_args: -Dsts.lsp.client=vscode -Dsts.log.file=/dev/null -XX:TieredStopAtLevel=1 -Xlog:jni+resolve=off -Dspring.config.location=file:c:\Users\lezter.hernandez\.vscode\extensions\pivotal.vscode-spring-boot-1.40.0\language-server\BOOT-INF\classes\application.properties 
java_command: org.springframework.ide.vscode.boot.app.BootLanguageServerBootApp
java_class_path (initial): c:\Users\lezter.hernandez\.vscode\extensions\pivotal.vscode-spring-boot-1.40.0\language-server\BOOT-INF\classes;c:\Users\lezter.hernandez\.vscode\extensions\pivotal.vscode-spring-boot-1.40.0\language-server\BOOT-INF\lib\annotations-23.0.0.jar;c:\Users\lezter.hernandez\.vscode\extensions\pivotal.vscode-spring-boot-1.40.0\language-server\BOOT-INF\lib\ant-1.10.12.jar;c:\Users\lezter.hernandez\.vscode\extensions\pivotal.vscode-spring-boot-1.40.0\language-server\BOOT-INF\lib\ant-launcher-1.10.12.jar;c:\Users\lezter.hernandez\.vscode\extensions\pivotal.vscode-spring-boot-1.40.0\language-server\BOOT-INF\lib\antlr-runtime-3.5.2.jar;c:\Users\lezter.hernandez\.vscode\extensions\pivotal.vscode-spring-boot-1.40.0\language-server\BOOT-INF\lib\antlr4-4.9.3.jar;c:\Users\lezter.hernandez\.vscode\extensions\pivotal.vscode-spring-boot-1.40.0\language-server\BOOT-INF\lib\antlr4-runtime-4.9.3.jar;c:\Users\lezter.hernandez\.vscode\extensions\pivotal.vscode-spring-boot-1.40.0\language-server\BOOT-INF\lib\asm-9.3.jar;c:\Users\lezter.hernandez\.vscode\extensions\pivotal.vscode-spring-boot-1.40.0\language-server\BOOT-INF\lib\asm-analysis-9.3.jar;c:\Users\lezter.hernandez\.vscode\extensions\pivotal.vscode-spring-boot-1.40.0\language-server\BOOT-INF\lib\asm-tree-9.3.jar;c:\Users\lezter.hernandez\.vscode\extensions\pivotal.vscode-spring-boot-1.40.0\language-server\BOOT-INF\lib\asm-util-9.3.jar;c:\Users\lezter.hernandez\.vscode\extensions\pivotal.vscode-spring-boot-1.40.0\language-server\BOOT-INF\lib\byte-buddy-1.12.13.jar;c:\Users\lezter.hernandez\.vscode\extensions\pivotal.vscode-spring-boot-1.40.0\language-server\BOOT-INF\lib\caffeine-2.9.3.jar;c:\Users\lezter.hernandez\.vscode\extensions\pivotal.vscode-spring-boot-1.40.0\language-server\BOOT-INF\lib\checker-qual-3.12.0.jar;c:\Users\lezter.hernandez\.vscode\extensions\pivotal.vscode-spring-boot-1.40.0\language-server\BOOT-INF\lib\classgraph-4.8.149.jar;c:\Users\lezter.hernandez\.vscode\extensions\pivotal.vscode-s
Launcher Type: SUN_STANDARD

[Global flags]
     intx CICompilerCount                          = 4                                         {product} {ergonomic}
     uint ConcGCThreads                            = 2                                         {product} {ergonomic}
     uint G1ConcRefinementThreads                  = 8                                         {product} {ergonomic}
   size_t G1HeapRegionSize                         = 2097152                                   {product} {ergonomic}
    uintx GCDrainStackTargetSize                   = 64                                        {product} {ergonomic}
   size_t InitialHeapSize                          = 266338304                                 {product} {ergonomic}
   size_t MarkStackSize                            = 4194304                                   {product} {ergonomic}
   size_t MaxHeapSize                              = 4234149888                                {product} {ergonomic}
   size_t MaxNewSize                               = 2539651072                                {product} {ergonomic}
   size_t MinHeapDeltaBytes                        = 2097152                                   {product} {ergonomic}
   size_t MinHeapSize                              = 8388608                                   {product} {ergonomic}
    uintx NonProfiledCodeHeapSize                  = 0                                      {pd product} {ergonomic}
     bool ProfileInterpreter                       = false                                  {pd product} {command line}
    uintx ProfiledCodeHeapSize                     = 0                                      {pd product} {ergonomic}
   size_t SoftMaxHeapSize                          = 4234149888                             {manageable} {ergonomic}
     intx TieredStopAtLevel                        = 1                                         {product} {command line}
     bool UseCompressedClassPointers               = true                           {product lp64_product} {ergonomic}
     bool UseCompressedOops                        = true                           {product lp64_product} {ergonomic}
     bool UseG1GC                                  = true                                      {product} {ergonomic}
     bool UseLargePagesIndividualAllocation        = false                                  {pd product} {ergonomic}

Logging:
Log output configuration:
 #0: stdout all=warning,jni+resolve=off uptime,level,tags
 #1: stderr all=off uptime,level,tags

Environment Variables:
JAVA_HOME=C:\Program Files\Eclipse Adoptium\jdk-17.0.5.8-hotspot\
PATH=C:\Program Files\Eclipse Adoptium\jdk-17.0.5.8-hotspot\bin;C:\Program Files\Common Files\Oracle\Java\javapath;C:\Program Files (x86)\Common Files\Oracle\Java\javapath;C:\WINDOWS\system32;C:\WINDOWS;C:\WINDOWS\System32\Wbem;C:\WINDOWS\System32\WindowsPowerShell\v1.0\;C:\WINDOWS\System32\OpenSSH\;C:\Program Files (x86)\Symantec\VIP Access Client\;C:\Program Files (x86)\Intel\Services\IPT\;C:\Program Files (x86)\Pulse Secure\VC142.CRT\X64\;C:\Program Files (x86)\Pulse Secure\VC142.CRT\X86\;C:\Program Files (x86)\Common Files\Pulse Secure\VC142.CRT\X64\;C:\Program Files (x86)\Common Files\Pulse Secure\VC142.CRT\X86\;C:\Program Files\Git\cmd;C:\Users\lezter.hernandez\AppData\Local\Microsoft\WindowsApps;C:\Users\lezter.hernandez\AppData\Local\GitHubDesktop\bin;C:\Users\lezter.hernandez\AppData\Local\Programs\Git\cmd;C:\Users\lezter.hernandez\AppData\Local\Programs\Microsoft VS Code\bin;C:\Users\lezter.hernandez\AppData\Local\Programs\mongosh\;C:\Program Files\MongoDB\Server\5.0\bin\;C:\xampp\php;C:\Users\lezter.hernandez\composer;C:\Users\lezter.hernandez\AppData\Roaming\Composer\vendor\bin;C:\Users\lezter.hernandez\apache-maven-3.8.6\bin;
USERNAME=lezter.hernandez
OS=Windows_NT
PROCESSOR_IDENTIFIER=Intel64 Family 6 Model 142 Stepping 12, GenuineIntel
TMP=C:\Users\LEZTER~1.HER\AppData\Local\Temp
TEMP=C:\Users\LEZTER~1.HER\AppData\Local\Temp



---------------  S Y S T E M  ---------------

OS:
 Windows 11 , 64 bit Build 22000 (10.0.22000.708)
OS uptime: 0 days 5:46 hours

CPU: total 8 (initial active 8) (4 cores per cpu, 2 threads per core) family 6 model 142 stepping 12 microcode 0xf0, cx8, cmov, fxsr, ht, mmx, 3dnowpref, sse, sse2, sse3, ssse3, sse4.1, sse4.2, popcnt, lzcnt, tsc, tscinvbit, avx, avx2, aes, erms, clmul, bmi1, bmi2, adx, fma, vzeroupper, clflush, clflushopt

Memory: 4k page, system-wide physical 16144M (1190M free)
TotalPageFile size 46285M (AvailPageFile size 209M)
current process WorkingSet (physical memory assigned to process): 661M, peak: 661M
current process commit charge ("private bytes"): 674M, peak: 1076M

vm_info: OpenJDK 64-Bit Server VM (17.0.4.1+1) for windows-amd64 JRE (17.0.4.1+1), built on Aug 17 2022 07:42:43 by "temurin" with MS VC++ 16.7 (VS2019)

END.
